ARM GAS  /var/folders/h3/pp7r1jbx2y7b8rkpc8qh1xqw0000gn/T//cc3bhfvq.s 			page 1


   1              		.cpu cortex-m3
   2              		.eabi_attribute 20, 1
   3              		.eabi_attribute 21, 1
   4              		.eabi_attribute 23, 3
   5              		.eabi_attribute 24, 1
   6              		.eabi_attribute 25, 1
   7              		.eabi_attribute 26, 1
   8              		.eabi_attribute 30, 1
   9              		.eabi_attribute 34, 1
  10              		.eabi_attribute 18, 4
  11              		.file	"stm32f1xx_hal_msp.c"
  12              		.text
  13              	.Ltext0:
  14              		.cfi_sections	.debug_frame
  15              		.section	.text.HAL_MspInit,"ax",%progbits
  16              		.align	1
  17              		.global	HAL_MspInit
  18              		.syntax unified
  19              		.thumb
  20              		.thumb_func
  21              		.fpu softvfp
  23              	HAL_MspInit:
  24              	.LFB66:
  25              		.file 1 "Src/stm32f1xx_hal_msp.c"
   1:Src/stm32f1xx_hal_msp.c **** /**
   2:Src/stm32f1xx_hal_msp.c ****   ******************************************************************************
   3:Src/stm32f1xx_hal_msp.c ****   * File Name          : stm32f1xx_hal_msp.c
   4:Src/stm32f1xx_hal_msp.c ****   * Description        : This file provides code for the MSP Initialization 
   5:Src/stm32f1xx_hal_msp.c ****   *                      and de-Initialization codes.
   6:Src/stm32f1xx_hal_msp.c ****   ******************************************************************************
   7:Src/stm32f1xx_hal_msp.c ****   ** This notice applies to any and all portions of this file
   8:Src/stm32f1xx_hal_msp.c ****   * that are not between comment pairs USER CODE BEGIN and
   9:Src/stm32f1xx_hal_msp.c ****   * USER CODE END. Other portions of this file, whether 
  10:Src/stm32f1xx_hal_msp.c ****   * inserted by the user or by software development tools
  11:Src/stm32f1xx_hal_msp.c ****   * are owned by their respective copyright owners.
  12:Src/stm32f1xx_hal_msp.c ****   *
  13:Src/stm32f1xx_hal_msp.c ****   * COPYRIGHT(c) 2018 STMicroelectronics
  14:Src/stm32f1xx_hal_msp.c ****   *
  15:Src/stm32f1xx_hal_msp.c ****   * Redistribution and use in source and binary forms, with or without modification,
  16:Src/stm32f1xx_hal_msp.c ****   * are permitted provided that the following conditions are met:
  17:Src/stm32f1xx_hal_msp.c ****   *   1. Redistributions of source code must retain the above copyright notice,
  18:Src/stm32f1xx_hal_msp.c ****   *      this list of conditions and the following disclaimer.
  19:Src/stm32f1xx_hal_msp.c ****   *   2. Redistributions in binary form must reproduce the above copyright notice,
  20:Src/stm32f1xx_hal_msp.c ****   *      this list of conditions and the following disclaimer in the documentation
  21:Src/stm32f1xx_hal_msp.c ****   *      and/or other materials provided with the distribution.
  22:Src/stm32f1xx_hal_msp.c ****   *   3. Neither the name of STMicroelectronics nor the names of its contributors
  23:Src/stm32f1xx_hal_msp.c ****   *      may be used to endorse or promote products derived from this software
  24:Src/stm32f1xx_hal_msp.c ****   *      without specific prior written permission.
  25:Src/stm32f1xx_hal_msp.c ****   *
  26:Src/stm32f1xx_hal_msp.c ****   * THIS SOFTWARE IS PROVIDED BY THE COPYRIGHT HOLDERS AND CONTRIBUTORS "AS IS"
  27:Src/stm32f1xx_hal_msp.c ****   * AND ANY EXPRESS OR IMPLIED WARRANTIES, INCLUDING, BUT NOT LIMITED TO, THE
  28:Src/stm32f1xx_hal_msp.c ****   * IMPLIED WARRANTIES OF MERCHANTABILITY AND FITNESS FOR A PARTICULAR PURPOSE ARE
  29:Src/stm32f1xx_hal_msp.c ****   * DISCLAIMED. IN NO EVENT SHALL THE COPYRIGHT HOLDER OR CONTRIBUTORS BE LIABLE
  30:Src/stm32f1xx_hal_msp.c ****   * FOR ANY DIRECT, INDIRECT, INCIDENTAL, SPECIAL, EXEMPLARY, OR CONSEQUENTIAL
  31:Src/stm32f1xx_hal_msp.c ****   * DAMAGES (INCLUDING, BUT NOT LIMITED TO, PROCUREMENT OF SUBSTITUTE GOODS OR
  32:Src/stm32f1xx_hal_msp.c ****   * SERVICES; LOSS OF USE, DATA, OR PROFITS; OR BUSINESS INTERRUPTION) HOWEVER
  33:Src/stm32f1xx_hal_msp.c ****   * CAUSED AND ON ANY THEORY OF LIABILITY, WHETHER IN CONTRACT, STRICT LIABILITY,
ARM GAS  /var/folders/h3/pp7r1jbx2y7b8rkpc8qh1xqw0000gn/T//cc3bhfvq.s 			page 2


  34:Src/stm32f1xx_hal_msp.c ****   * OR TORT (INCLUDING NEGLIGENCE OR OTHERWISE) ARISING IN ANY WAY OUT OF THE USE
  35:Src/stm32f1xx_hal_msp.c ****   * OF THIS SOFTWARE, EVEN IF ADVISED OF THE POSSIBILITY OF SUCH DAMAGE.
  36:Src/stm32f1xx_hal_msp.c ****   *
  37:Src/stm32f1xx_hal_msp.c ****   ******************************************************************************
  38:Src/stm32f1xx_hal_msp.c ****   */
  39:Src/stm32f1xx_hal_msp.c **** /* Includes ------------------------------------------------------------------*/
  40:Src/stm32f1xx_hal_msp.c **** #include "stm32f1xx_hal.h"
  41:Src/stm32f1xx_hal_msp.c **** 
  42:Src/stm32f1xx_hal_msp.c **** extern DMA_HandleTypeDef hdma_usart1_rx;
  43:Src/stm32f1xx_hal_msp.c **** 
  44:Src/stm32f1xx_hal_msp.c **** extern DMA_HandleTypeDef hdma_usart1_tx;
  45:Src/stm32f1xx_hal_msp.c **** 
  46:Src/stm32f1xx_hal_msp.c **** extern DMA_HandleTypeDef hdma_usart2_rx;
  47:Src/stm32f1xx_hal_msp.c **** 
  48:Src/stm32f1xx_hal_msp.c **** extern DMA_HandleTypeDef hdma_usart2_tx;
  49:Src/stm32f1xx_hal_msp.c **** 
  50:Src/stm32f1xx_hal_msp.c **** extern void _Error_Handler(char *, int);
  51:Src/stm32f1xx_hal_msp.c **** /* USER CODE BEGIN 0 */
  52:Src/stm32f1xx_hal_msp.c **** 
  53:Src/stm32f1xx_hal_msp.c **** /* USER CODE END 0 */
  54:Src/stm32f1xx_hal_msp.c **** /**
  55:Src/stm32f1xx_hal_msp.c ****   * Initializes the Global MSP.
  56:Src/stm32f1xx_hal_msp.c ****   */
  57:Src/stm32f1xx_hal_msp.c **** void HAL_MspInit(void)
  58:Src/stm32f1xx_hal_msp.c **** {
  26              		.loc 1 58 0
  27              		.cfi_startproc
  28              		@ args = 0, pretend = 0, frame = 8
  29              		@ frame_needed = 0, uses_anonymous_args = 0
  30 0000 00B5     		push	{lr}
  31              	.LCFI0:
  32              		.cfi_def_cfa_offset 4
  33              		.cfi_offset 14, -4
  34 0002 83B0     		sub	sp, sp, #12
  35              	.LCFI1:
  36              		.cfi_def_cfa_offset 16
  37              	.LBB2:
  59:Src/stm32f1xx_hal_msp.c ****   /* USER CODE BEGIN MspInit 0 */
  60:Src/stm32f1xx_hal_msp.c **** 
  61:Src/stm32f1xx_hal_msp.c ****   /* USER CODE END MspInit 0 */
  62:Src/stm32f1xx_hal_msp.c **** 
  63:Src/stm32f1xx_hal_msp.c ****   __HAL_RCC_AFIO_CLK_ENABLE();
  38              		.loc 1 63 0
  39 0004 204B     		ldr	r3, .L3
  40 0006 9A69     		ldr	r2, [r3, #24]
  41 0008 42F00102 		orr	r2, r2, #1
  42 000c 9A61     		str	r2, [r3, #24]
  43 000e 9B69     		ldr	r3, [r3, #24]
  44 0010 03F00103 		and	r3, r3, #1
  45 0014 0193     		str	r3, [sp, #4]
  46 0016 019B     		ldr	r3, [sp, #4]
  47              	.LBE2:
  64:Src/stm32f1xx_hal_msp.c **** 
  65:Src/stm32f1xx_hal_msp.c ****   HAL_NVIC_SetPriorityGrouping(NVIC_PRIORITYGROUP_4);
  48              		.loc 1 65 0
  49 0018 0320     		movs	r0, #3
  50 001a FFF7FEFF 		bl	HAL_NVIC_SetPriorityGrouping
ARM GAS  /var/folders/h3/pp7r1jbx2y7b8rkpc8qh1xqw0000gn/T//cc3bhfvq.s 			page 3


  51              	.LVL0:
  66:Src/stm32f1xx_hal_msp.c **** 
  67:Src/stm32f1xx_hal_msp.c ****   /* System interrupt init*/
  68:Src/stm32f1xx_hal_msp.c ****   /* MemoryManagement_IRQn interrupt configuration */
  69:Src/stm32f1xx_hal_msp.c ****   HAL_NVIC_SetPriority(MemoryManagement_IRQn, 0, 0);
  52              		.loc 1 69 0
  53 001e 0022     		movs	r2, #0
  54 0020 1146     		mov	r1, r2
  55 0022 6FF00B00 		mvn	r0, #11
  56 0026 FFF7FEFF 		bl	HAL_NVIC_SetPriority
  57              	.LVL1:
  70:Src/stm32f1xx_hal_msp.c ****   /* BusFault_IRQn interrupt configuration */
  71:Src/stm32f1xx_hal_msp.c ****   HAL_NVIC_SetPriority(BusFault_IRQn, 0, 0);
  58              		.loc 1 71 0
  59 002a 0022     		movs	r2, #0
  60 002c 1146     		mov	r1, r2
  61 002e 6FF00A00 		mvn	r0, #10
  62 0032 FFF7FEFF 		bl	HAL_NVIC_SetPriority
  63              	.LVL2:
  72:Src/stm32f1xx_hal_msp.c ****   /* UsageFault_IRQn interrupt configuration */
  73:Src/stm32f1xx_hal_msp.c ****   HAL_NVIC_SetPriority(UsageFault_IRQn, 0, 0);
  64              		.loc 1 73 0
  65 0036 0022     		movs	r2, #0
  66 0038 1146     		mov	r1, r2
  67 003a 6FF00900 		mvn	r0, #9
  68 003e FFF7FEFF 		bl	HAL_NVIC_SetPriority
  69              	.LVL3:
  74:Src/stm32f1xx_hal_msp.c ****   /* SVCall_IRQn interrupt configuration */
  75:Src/stm32f1xx_hal_msp.c ****   HAL_NVIC_SetPriority(SVCall_IRQn, 0, 0);
  70              		.loc 1 75 0
  71 0042 0022     		movs	r2, #0
  72 0044 1146     		mov	r1, r2
  73 0046 6FF00400 		mvn	r0, #4
  74 004a FFF7FEFF 		bl	HAL_NVIC_SetPriority
  75              	.LVL4:
  76:Src/stm32f1xx_hal_msp.c ****   /* DebugMonitor_IRQn interrupt configuration */
  77:Src/stm32f1xx_hal_msp.c ****   HAL_NVIC_SetPriority(DebugMonitor_IRQn, 0, 0);
  76              		.loc 1 77 0
  77 004e 0022     		movs	r2, #0
  78 0050 1146     		mov	r1, r2
  79 0052 6FF00300 		mvn	r0, #3
  80 0056 FFF7FEFF 		bl	HAL_NVIC_SetPriority
  81              	.LVL5:
  78:Src/stm32f1xx_hal_msp.c ****   /* PendSV_IRQn interrupt configuration */
  79:Src/stm32f1xx_hal_msp.c ****   HAL_NVIC_SetPriority(PendSV_IRQn, 0, 0);
  82              		.loc 1 79 0
  83 005a 0022     		movs	r2, #0
  84 005c 1146     		mov	r1, r2
  85 005e 6FF00100 		mvn	r0, #1
  86 0062 FFF7FEFF 		bl	HAL_NVIC_SetPriority
  87              	.LVL6:
  80:Src/stm32f1xx_hal_msp.c ****   /* SysTick_IRQn interrupt configuration */
  81:Src/stm32f1xx_hal_msp.c ****   HAL_NVIC_SetPriority(SysTick_IRQn, 0, 0);
  88              		.loc 1 81 0
  89 0066 0022     		movs	r2, #0
  90 0068 1146     		mov	r1, r2
  91 006a 4FF0FF30 		mov	r0, #-1
ARM GAS  /var/folders/h3/pp7r1jbx2y7b8rkpc8qh1xqw0000gn/T//cc3bhfvq.s 			page 4


  92 006e FFF7FEFF 		bl	HAL_NVIC_SetPriority
  93              	.LVL7:
  94              	.LBB3:
  82:Src/stm32f1xx_hal_msp.c **** 
  83:Src/stm32f1xx_hal_msp.c ****     /**DISABLE: JTAG-DP Disabled and SW-DP Disabled 
  84:Src/stm32f1xx_hal_msp.c ****     */
  85:Src/stm32f1xx_hal_msp.c ****   __HAL_AFIO_REMAP_SWJ_DISABLE();
  95              		.loc 1 85 0
  96 0072 064A     		ldr	r2, .L3+4
  97 0074 5368     		ldr	r3, [r2, #4]
  98              	.LVL8:
  99 0076 23F0E063 		bic	r3, r3, #117440512
 100              	.LVL9:
 101 007a 43F08063 		orr	r3, r3, #67108864
 102              	.LVL10:
 103 007e 5360     		str	r3, [r2, #4]
 104              	.LBE3:
  86:Src/stm32f1xx_hal_msp.c **** 
  87:Src/stm32f1xx_hal_msp.c ****   /* USER CODE BEGIN MspInit 1 */
  88:Src/stm32f1xx_hal_msp.c **** 
  89:Src/stm32f1xx_hal_msp.c ****   /* USER CODE END MspInit 1 */
  90:Src/stm32f1xx_hal_msp.c **** }
 105              		.loc 1 90 0
 106 0080 03B0     		add	sp, sp, #12
 107              	.LCFI2:
 108              		.cfi_def_cfa_offset 4
 109              		@ sp needed
 110 0082 5DF804FB 		ldr	pc, [sp], #4
 111              	.L4:
 112 0086 00BF     		.align	2
 113              	.L3:
 114 0088 00100240 		.word	1073876992
 115 008c 00000140 		.word	1073807360
 116              		.cfi_endproc
 117              	.LFE66:
 119              		.section	.text.HAL_UART_MspInit,"ax",%progbits
 120              		.align	1
 121              		.global	HAL_UART_MspInit
 122              		.syntax unified
 123              		.thumb
 124              		.thumb_func
 125              		.fpu softvfp
 127              	HAL_UART_MspInit:
 128              	.LFB67:
  91:Src/stm32f1xx_hal_msp.c **** 
  92:Src/stm32f1xx_hal_msp.c **** void HAL_UART_MspInit(UART_HandleTypeDef* huart)
  93:Src/stm32f1xx_hal_msp.c **** {
 129              		.loc 1 93 0
 130              		.cfi_startproc
 131              		@ args = 0, pretend = 0, frame = 24
 132              		@ frame_needed = 0, uses_anonymous_args = 0
 133              	.LVL11:
  94:Src/stm32f1xx_hal_msp.c **** 
  95:Src/stm32f1xx_hal_msp.c ****   GPIO_InitTypeDef GPIO_InitStruct;
  96:Src/stm32f1xx_hal_msp.c ****   if(huart->Instance==USART1)
 134              		.loc 1 96 0
 135 0000 0268     		ldr	r2, [r0]
ARM GAS  /var/folders/h3/pp7r1jbx2y7b8rkpc8qh1xqw0000gn/T//cc3bhfvq.s 			page 5


 136 0002 304B     		ldr	r3, .L16
 137 0004 9A42     		cmp	r2, r3
 138 0006 00D0     		beq	.L13
 139 0008 7047     		bx	lr
 140              	.L13:
  93:Src/stm32f1xx_hal_msp.c **** 
 141              		.loc 1 93 0
 142 000a 70B5     		push	{r4, r5, r6, lr}
 143              	.LCFI3:
 144              		.cfi_def_cfa_offset 16
 145              		.cfi_offset 4, -16
 146              		.cfi_offset 5, -12
 147              		.cfi_offset 6, -8
 148              		.cfi_offset 14, -4
 149 000c 86B0     		sub	sp, sp, #24
 150              	.LCFI4:
 151              		.cfi_def_cfa_offset 40
 152 000e 0446     		mov	r4, r0
 153              	.LBB4:
  97:Src/stm32f1xx_hal_msp.c ****   {
  98:Src/stm32f1xx_hal_msp.c ****   /* USER CODE BEGIN USART1_MspInit 0 */
  99:Src/stm32f1xx_hal_msp.c **** 
 100:Src/stm32f1xx_hal_msp.c ****   /* USER CODE END USART1_MspInit 0 */
 101:Src/stm32f1xx_hal_msp.c ****     /* Peripheral clock enable */
 102:Src/stm32f1xx_hal_msp.c ****     __HAL_RCC_USART1_CLK_ENABLE();
 154              		.loc 1 102 0
 155 0010 03F55843 		add	r3, r3, #55296
 156 0014 9A69     		ldr	r2, [r3, #24]
 157 0016 42F48042 		orr	r2, r2, #16384
 158 001a 9A61     		str	r2, [r3, #24]
 159 001c 9B69     		ldr	r3, [r3, #24]
 160 001e 03F48043 		and	r3, r3, #16384
 161 0022 0193     		str	r3, [sp, #4]
 162 0024 019B     		ldr	r3, [sp, #4]
 163              	.LBE4:
 103:Src/stm32f1xx_hal_msp.c ****   
 104:Src/stm32f1xx_hal_msp.c ****     /**USART1 GPIO Configuration    
 105:Src/stm32f1xx_hal_msp.c ****     PA9     ------> USART1_TX
 106:Src/stm32f1xx_hal_msp.c ****     PA10     ------> USART1_RX 
 107:Src/stm32f1xx_hal_msp.c ****     */
 108:Src/stm32f1xx_hal_msp.c ****     GPIO_InitStruct.Pin = GPIO_PIN_9;
 164              		.loc 1 108 0
 165 0026 4FF40073 		mov	r3, #512
 166 002a 0293     		str	r3, [sp, #8]
 109:Src/stm32f1xx_hal_msp.c ****     GPIO_InitStruct.Mode = GPIO_MODE_AF_PP;
 167              		.loc 1 109 0
 168 002c 0223     		movs	r3, #2
 169 002e 0393     		str	r3, [sp, #12]
 110:Src/stm32f1xx_hal_msp.c ****     GPIO_InitStruct.Speed = GPIO_SPEED_FREQ_HIGH;
 170              		.loc 1 110 0
 171 0030 0323     		movs	r3, #3
 172 0032 0593     		str	r3, [sp, #20]
 111:Src/stm32f1xx_hal_msp.c ****     HAL_GPIO_Init(GPIOA, &GPIO_InitStruct);
 173              		.loc 1 111 0
 174 0034 244E     		ldr	r6, .L16+4
 175 0036 02A9     		add	r1, sp, #8
 176 0038 3046     		mov	r0, r6
ARM GAS  /var/folders/h3/pp7r1jbx2y7b8rkpc8qh1xqw0000gn/T//cc3bhfvq.s 			page 6


 177              	.LVL12:
 178 003a FFF7FEFF 		bl	HAL_GPIO_Init
 179              	.LVL13:
 112:Src/stm32f1xx_hal_msp.c **** 
 113:Src/stm32f1xx_hal_msp.c ****     GPIO_InitStruct.Pin = GPIO_PIN_10;
 180              		.loc 1 113 0
 181 003e 4FF48063 		mov	r3, #1024
 182 0042 0293     		str	r3, [sp, #8]
 114:Src/stm32f1xx_hal_msp.c ****     GPIO_InitStruct.Mode = GPIO_MODE_INPUT;
 183              		.loc 1 114 0
 184 0044 0025     		movs	r5, #0
 185 0046 0395     		str	r5, [sp, #12]
 115:Src/stm32f1xx_hal_msp.c ****     GPIO_InitStruct.Pull = GPIO_NOPULL;
 186              		.loc 1 115 0
 187 0048 0495     		str	r5, [sp, #16]
 116:Src/stm32f1xx_hal_msp.c ****     HAL_GPIO_Init(GPIOA, &GPIO_InitStruct);
 188              		.loc 1 116 0
 189 004a 02A9     		add	r1, sp, #8
 190 004c 3046     		mov	r0, r6
 191 004e FFF7FEFF 		bl	HAL_GPIO_Init
 192              	.LVL14:
 117:Src/stm32f1xx_hal_msp.c **** 
 118:Src/stm32f1xx_hal_msp.c ****     /* USART1 DMA Init */
 119:Src/stm32f1xx_hal_msp.c ****     /* USART1_RX Init */
 120:Src/stm32f1xx_hal_msp.c ****     hdma_usart1_rx.Instance = DMA1_Channel5;
 193              		.loc 1 120 0
 194 0052 1E48     		ldr	r0, .L16+8
 195 0054 1E4B     		ldr	r3, .L16+12
 196 0056 0360     		str	r3, [r0]
 121:Src/stm32f1xx_hal_msp.c ****     hdma_usart1_rx.Init.Direction = DMA_PERIPH_TO_MEMORY;
 197              		.loc 1 121 0
 198 0058 4560     		str	r5, [r0, #4]
 122:Src/stm32f1xx_hal_msp.c ****     hdma_usart1_rx.Init.PeriphInc = DMA_PINC_DISABLE;
 199              		.loc 1 122 0
 200 005a 8560     		str	r5, [r0, #8]
 123:Src/stm32f1xx_hal_msp.c ****     hdma_usart1_rx.Init.MemInc = DMA_MINC_ENABLE;
 201              		.loc 1 123 0
 202 005c 8023     		movs	r3, #128
 203 005e C360     		str	r3, [r0, #12]
 124:Src/stm32f1xx_hal_msp.c ****     hdma_usart1_rx.Init.PeriphDataAlignment = DMA_PDATAALIGN_BYTE;
 204              		.loc 1 124 0
 205 0060 0561     		str	r5, [r0, #16]
 125:Src/stm32f1xx_hal_msp.c ****     hdma_usart1_rx.Init.MemDataAlignment = DMA_MDATAALIGN_BYTE;
 206              		.loc 1 125 0
 207 0062 4561     		str	r5, [r0, #20]
 126:Src/stm32f1xx_hal_msp.c ****     hdma_usart1_rx.Init.Mode = DMA_NORMAL;
 208              		.loc 1 126 0
 209 0064 8561     		str	r5, [r0, #24]
 127:Src/stm32f1xx_hal_msp.c ****     hdma_usart1_rx.Init.Priority = DMA_PRIORITY_LOW;
 210              		.loc 1 127 0
 211 0066 C561     		str	r5, [r0, #28]
 128:Src/stm32f1xx_hal_msp.c ****     if (HAL_DMA_Init(&hdma_usart1_rx) != HAL_OK)
 212              		.loc 1 128 0
 213 0068 FFF7FEFF 		bl	HAL_DMA_Init
 214              	.LVL15:
 215 006c F8B9     		cbnz	r0, .L14
 216              	.L7:
ARM GAS  /var/folders/h3/pp7r1jbx2y7b8rkpc8qh1xqw0000gn/T//cc3bhfvq.s 			page 7


 129:Src/stm32f1xx_hal_msp.c ****     {
 130:Src/stm32f1xx_hal_msp.c ****       _Error_Handler(__FILE__, __LINE__);
 131:Src/stm32f1xx_hal_msp.c ****     }
 132:Src/stm32f1xx_hal_msp.c **** 
 133:Src/stm32f1xx_hal_msp.c ****     __HAL_LINKDMA(huart,hdmarx,hdma_usart1_rx);
 217              		.loc 1 133 0
 218 006e 174B     		ldr	r3, .L16+8
 219 0070 6363     		str	r3, [r4, #52]
 220 0072 5C62     		str	r4, [r3, #36]
 134:Src/stm32f1xx_hal_msp.c **** 
 135:Src/stm32f1xx_hal_msp.c ****     /* USART1_TX Init */
 136:Src/stm32f1xx_hal_msp.c ****     hdma_usart1_tx.Instance = DMA1_Channel4;
 221              		.loc 1 136 0
 222 0074 1748     		ldr	r0, .L16+16
 223 0076 184B     		ldr	r3, .L16+20
 224 0078 0360     		str	r3, [r0]
 137:Src/stm32f1xx_hal_msp.c ****     hdma_usart1_tx.Init.Direction = DMA_MEMORY_TO_PERIPH;
 225              		.loc 1 137 0
 226 007a 1023     		movs	r3, #16
 227 007c 4360     		str	r3, [r0, #4]
 138:Src/stm32f1xx_hal_msp.c ****     hdma_usart1_tx.Init.PeriphInc = DMA_PINC_DISABLE;
 228              		.loc 1 138 0
 229 007e 0023     		movs	r3, #0
 230 0080 8360     		str	r3, [r0, #8]
 139:Src/stm32f1xx_hal_msp.c ****     hdma_usart1_tx.Init.MemInc = DMA_MINC_ENABLE;
 231              		.loc 1 139 0
 232 0082 8022     		movs	r2, #128
 233 0084 C260     		str	r2, [r0, #12]
 140:Src/stm32f1xx_hal_msp.c ****     hdma_usart1_tx.Init.PeriphDataAlignment = DMA_PDATAALIGN_BYTE;
 234              		.loc 1 140 0
 235 0086 0361     		str	r3, [r0, #16]
 141:Src/stm32f1xx_hal_msp.c ****     hdma_usart1_tx.Init.MemDataAlignment = DMA_MDATAALIGN_BYTE;
 236              		.loc 1 141 0
 237 0088 4361     		str	r3, [r0, #20]
 142:Src/stm32f1xx_hal_msp.c ****     hdma_usart1_tx.Init.Mode = DMA_NORMAL;
 238              		.loc 1 142 0
 239 008a 8361     		str	r3, [r0, #24]
 143:Src/stm32f1xx_hal_msp.c ****     hdma_usart1_tx.Init.Priority = DMA_PRIORITY_LOW;
 240              		.loc 1 143 0
 241 008c C361     		str	r3, [r0, #28]
 144:Src/stm32f1xx_hal_msp.c ****     if (HAL_DMA_Init(&hdma_usart1_tx) != HAL_OK)
 242              		.loc 1 144 0
 243 008e FFF7FEFF 		bl	HAL_DMA_Init
 244              	.LVL16:
 245 0092 88B9     		cbnz	r0, .L15
 246              	.L8:
 145:Src/stm32f1xx_hal_msp.c ****     {
 146:Src/stm32f1xx_hal_msp.c ****       _Error_Handler(__FILE__, __LINE__);
 147:Src/stm32f1xx_hal_msp.c ****     }
 148:Src/stm32f1xx_hal_msp.c **** 
 149:Src/stm32f1xx_hal_msp.c ****     __HAL_LINKDMA(huart,hdmatx,hdma_usart1_tx);
 247              		.loc 1 149 0
 248 0094 0F4B     		ldr	r3, .L16+16
 249 0096 2363     		str	r3, [r4, #48]
 250 0098 5C62     		str	r4, [r3, #36]
 150:Src/stm32f1xx_hal_msp.c **** 
 151:Src/stm32f1xx_hal_msp.c ****     /* USART1 interrupt Init */
ARM GAS  /var/folders/h3/pp7r1jbx2y7b8rkpc8qh1xqw0000gn/T//cc3bhfvq.s 			page 8


 152:Src/stm32f1xx_hal_msp.c ****     HAL_NVIC_SetPriority(USART1_IRQn, 0, 0);
 251              		.loc 1 152 0
 252 009a 0022     		movs	r2, #0
 253 009c 1146     		mov	r1, r2
 254 009e 2520     		movs	r0, #37
 255 00a0 FFF7FEFF 		bl	HAL_NVIC_SetPriority
 256              	.LVL17:
 153:Src/stm32f1xx_hal_msp.c ****     HAL_NVIC_EnableIRQ(USART1_IRQn);
 257              		.loc 1 153 0
 258 00a4 2520     		movs	r0, #37
 259 00a6 FFF7FEFF 		bl	HAL_NVIC_EnableIRQ
 260              	.LVL18:
 154:Src/stm32f1xx_hal_msp.c ****   /* USER CODE BEGIN USART1_MspInit 1 */
 155:Src/stm32f1xx_hal_msp.c **** 
 156:Src/stm32f1xx_hal_msp.c ****   /* USER CODE END USART1_MspInit 1 */
 157:Src/stm32f1xx_hal_msp.c ****   }
 158:Src/stm32f1xx_hal_msp.c **** 
 159:Src/stm32f1xx_hal_msp.c **** }
 261              		.loc 1 159 0
 262 00aa 06B0     		add	sp, sp, #24
 263              	.LCFI5:
 264              		.cfi_remember_state
 265              		.cfi_def_cfa_offset 16
 266              		@ sp needed
 267 00ac 70BD     		pop	{r4, r5, r6, pc}
 268              	.LVL19:
 269              	.L14:
 270              	.LCFI6:
 271              		.cfi_restore_state
 130:Src/stm32f1xx_hal_msp.c ****     }
 272              		.loc 1 130 0
 273 00ae 8221     		movs	r1, #130
 274 00b0 0A48     		ldr	r0, .L16+24
 275 00b2 FFF7FEFF 		bl	_Error_Handler
 276              	.LVL20:
 277 00b6 DAE7     		b	.L7
 278              	.L15:
 146:Src/stm32f1xx_hal_msp.c ****     }
 279              		.loc 1 146 0
 280 00b8 9221     		movs	r1, #146
 281 00ba 0848     		ldr	r0, .L16+24
 282 00bc FFF7FEFF 		bl	_Error_Handler
 283              	.LVL21:
 284 00c0 E8E7     		b	.L8
 285              	.L17:
 286 00c2 00BF     		.align	2
 287              	.L16:
 288 00c4 00380140 		.word	1073821696
 289 00c8 00080140 		.word	1073809408
 290 00cc 00000000 		.word	hdma_usart1_rx
 291 00d0 58000240 		.word	1073872984
 292 00d4 00000000 		.word	hdma_usart1_tx
 293 00d8 44000240 		.word	1073872964
 294 00dc 00000000 		.word	.LC0
 295              		.cfi_endproc
 296              	.LFE67:
 298              		.section	.text.HAL_SMARTCARD_MspInit,"ax",%progbits
ARM GAS  /var/folders/h3/pp7r1jbx2y7b8rkpc8qh1xqw0000gn/T//cc3bhfvq.s 			page 9


 299              		.align	1
 300              		.global	HAL_SMARTCARD_MspInit
 301              		.syntax unified
 302              		.thumb
 303              		.thumb_func
 304              		.fpu softvfp
 306              	HAL_SMARTCARD_MspInit:
 307              	.LFB68:
 160:Src/stm32f1xx_hal_msp.c **** 
 161:Src/stm32f1xx_hal_msp.c **** void HAL_SMARTCARD_MspInit(SMARTCARD_HandleTypeDef* hsmartcard)
 162:Src/stm32f1xx_hal_msp.c **** {
 308              		.loc 1 162 0
 309              		.cfi_startproc
 310              		@ args = 0, pretend = 0, frame = 24
 311              		@ frame_needed = 0, uses_anonymous_args = 0
 312              	.LVL22:
 163:Src/stm32f1xx_hal_msp.c **** 
 164:Src/stm32f1xx_hal_msp.c ****   GPIO_InitTypeDef GPIO_InitStruct;
 165:Src/stm32f1xx_hal_msp.c ****   if(hsmartcard->Instance==USART2)
 313              		.loc 1 165 0
 314 0000 0268     		ldr	r2, [r0]
 315 0002 2F4B     		ldr	r3, .L29
 316 0004 9A42     		cmp	r2, r3
 317 0006 00D0     		beq	.L26
 318 0008 7047     		bx	lr
 319              	.L26:
 162:Src/stm32f1xx_hal_msp.c **** 
 320              		.loc 1 162 0
 321 000a 70B5     		push	{r4, r5, r6, lr}
 322              	.LCFI7:
 323              		.cfi_def_cfa_offset 16
 324              		.cfi_offset 4, -16
 325              		.cfi_offset 5, -12
 326              		.cfi_offset 6, -8
 327              		.cfi_offset 14, -4
 328 000c 86B0     		sub	sp, sp, #24
 329              	.LCFI8:
 330              		.cfi_def_cfa_offset 40
 331 000e 0446     		mov	r4, r0
 332              	.LBB5:
 166:Src/stm32f1xx_hal_msp.c ****   {
 167:Src/stm32f1xx_hal_msp.c ****   /* USER CODE BEGIN USART2_MspInit 0 */
 168:Src/stm32f1xx_hal_msp.c **** 
 169:Src/stm32f1xx_hal_msp.c ****   /* USER CODE END USART2_MspInit 0 */
 170:Src/stm32f1xx_hal_msp.c ****     /* Peripheral clock enable */
 171:Src/stm32f1xx_hal_msp.c ****     __HAL_RCC_USART2_CLK_ENABLE();
 333              		.loc 1 171 0
 334 0010 03F5E633 		add	r3, r3, #117760
 335 0014 DA69     		ldr	r2, [r3, #28]
 336 0016 42F40032 		orr	r2, r2, #131072
 337 001a DA61     		str	r2, [r3, #28]
 338 001c DB69     		ldr	r3, [r3, #28]
 339 001e 03F40033 		and	r3, r3, #131072
 340 0022 0193     		str	r3, [sp, #4]
 341 0024 019B     		ldr	r3, [sp, #4]
 342              	.LBE5:
 172:Src/stm32f1xx_hal_msp.c ****   
ARM GAS  /var/folders/h3/pp7r1jbx2y7b8rkpc8qh1xqw0000gn/T//cc3bhfvq.s 			page 10


 173:Src/stm32f1xx_hal_msp.c ****     /**USART2 GPIO Configuration    
 174:Src/stm32f1xx_hal_msp.c ****     PA2     ------> USART2_TX
 175:Src/stm32f1xx_hal_msp.c ****     PA4     ------> USART2_CK 
 176:Src/stm32f1xx_hal_msp.c ****     */
 177:Src/stm32f1xx_hal_msp.c ****     GPIO_InitStruct.Pin = GPIO_PIN_2;
 343              		.loc 1 177 0
 344 0026 0423     		movs	r3, #4
 345 0028 0293     		str	r3, [sp, #8]
 178:Src/stm32f1xx_hal_msp.c ****     GPIO_InitStruct.Mode = GPIO_MODE_AF_OD;
 346              		.loc 1 178 0
 347 002a 1223     		movs	r3, #18
 348 002c 0393     		str	r3, [sp, #12]
 179:Src/stm32f1xx_hal_msp.c ****     GPIO_InitStruct.Speed = GPIO_SPEED_FREQ_HIGH;
 349              		.loc 1 179 0
 350 002e 0326     		movs	r6, #3
 351 0030 0596     		str	r6, [sp, #20]
 180:Src/stm32f1xx_hal_msp.c ****     HAL_GPIO_Init(GPIOA, &GPIO_InitStruct);
 352              		.loc 1 180 0
 353 0032 244D     		ldr	r5, .L29+4
 354 0034 02A9     		add	r1, sp, #8
 355 0036 2846     		mov	r0, r5
 356              	.LVL23:
 357 0038 FFF7FEFF 		bl	HAL_GPIO_Init
 358              	.LVL24:
 181:Src/stm32f1xx_hal_msp.c **** 
 182:Src/stm32f1xx_hal_msp.c ****     GPIO_InitStruct.Pin = GPIO_PIN_4;
 359              		.loc 1 182 0
 360 003c 1023     		movs	r3, #16
 361 003e 0293     		str	r3, [sp, #8]
 183:Src/stm32f1xx_hal_msp.c ****     GPIO_InitStruct.Mode = GPIO_MODE_AF_PP;
 362              		.loc 1 183 0
 363 0040 0223     		movs	r3, #2
 364 0042 0393     		str	r3, [sp, #12]
 184:Src/stm32f1xx_hal_msp.c ****     GPIO_InitStruct.Speed = GPIO_SPEED_FREQ_HIGH;
 365              		.loc 1 184 0
 366 0044 0596     		str	r6, [sp, #20]
 185:Src/stm32f1xx_hal_msp.c ****     HAL_GPIO_Init(GPIOA, &GPIO_InitStruct);
 367              		.loc 1 185 0
 368 0046 02A9     		add	r1, sp, #8
 369 0048 2846     		mov	r0, r5
 370 004a FFF7FEFF 		bl	HAL_GPIO_Init
 371              	.LVL25:
 186:Src/stm32f1xx_hal_msp.c **** 
 187:Src/stm32f1xx_hal_msp.c ****     /* USART2 DMA Init */
 188:Src/stm32f1xx_hal_msp.c ****     /* USART2_RX Init */
 189:Src/stm32f1xx_hal_msp.c ****     hdma_usart2_rx.Instance = DMA1_Channel6;
 372              		.loc 1 189 0
 373 004e 1E48     		ldr	r0, .L29+8
 374 0050 1E4B     		ldr	r3, .L29+12
 375 0052 0360     		str	r3, [r0]
 190:Src/stm32f1xx_hal_msp.c ****     hdma_usart2_rx.Init.Direction = DMA_PERIPH_TO_MEMORY;
 376              		.loc 1 190 0
 377 0054 0023     		movs	r3, #0
 378 0056 4360     		str	r3, [r0, #4]
 191:Src/stm32f1xx_hal_msp.c ****     hdma_usart2_rx.Init.PeriphInc = DMA_PINC_DISABLE;
 379              		.loc 1 191 0
 380 0058 8360     		str	r3, [r0, #8]
ARM GAS  /var/folders/h3/pp7r1jbx2y7b8rkpc8qh1xqw0000gn/T//cc3bhfvq.s 			page 11


 192:Src/stm32f1xx_hal_msp.c ****     hdma_usart2_rx.Init.MemInc = DMA_MINC_ENABLE;
 381              		.loc 1 192 0
 382 005a 8022     		movs	r2, #128
 383 005c C260     		str	r2, [r0, #12]
 193:Src/stm32f1xx_hal_msp.c ****     hdma_usart2_rx.Init.PeriphDataAlignment = DMA_PDATAALIGN_BYTE;
 384              		.loc 1 193 0
 385 005e 0361     		str	r3, [r0, #16]
 194:Src/stm32f1xx_hal_msp.c ****     hdma_usart2_rx.Init.MemDataAlignment = DMA_MDATAALIGN_BYTE;
 386              		.loc 1 194 0
 387 0060 4361     		str	r3, [r0, #20]
 195:Src/stm32f1xx_hal_msp.c ****     hdma_usart2_rx.Init.Mode = DMA_NORMAL;
 388              		.loc 1 195 0
 389 0062 8361     		str	r3, [r0, #24]
 196:Src/stm32f1xx_hal_msp.c ****     hdma_usart2_rx.Init.Priority = DMA_PRIORITY_LOW;
 390              		.loc 1 196 0
 391 0064 C361     		str	r3, [r0, #28]
 197:Src/stm32f1xx_hal_msp.c ****     if (HAL_DMA_Init(&hdma_usart2_rx) != HAL_OK)
 392              		.loc 1 197 0
 393 0066 FFF7FEFF 		bl	HAL_DMA_Init
 394              	.LVL26:
 395 006a F8B9     		cbnz	r0, .L27
 396              	.L20:
 198:Src/stm32f1xx_hal_msp.c ****     {
 199:Src/stm32f1xx_hal_msp.c ****       _Error_Handler(__FILE__, __LINE__);
 200:Src/stm32f1xx_hal_msp.c ****     }
 201:Src/stm32f1xx_hal_msp.c **** 
 202:Src/stm32f1xx_hal_msp.c ****     __HAL_LINKDMA(hsmartcard,hdmarx,hdma_usart2_rx);
 397              		.loc 1 202 0
 398 006c 164B     		ldr	r3, .L29+8
 399 006e 6364     		str	r3, [r4, #68]
 400 0070 5C62     		str	r4, [r3, #36]
 203:Src/stm32f1xx_hal_msp.c **** 
 204:Src/stm32f1xx_hal_msp.c ****     /* USART2_TX Init */
 205:Src/stm32f1xx_hal_msp.c ****     hdma_usart2_tx.Instance = DMA1_Channel7;
 401              		.loc 1 205 0
 402 0072 1748     		ldr	r0, .L29+16
 403 0074 174B     		ldr	r3, .L29+20
 404 0076 0360     		str	r3, [r0]
 206:Src/stm32f1xx_hal_msp.c ****     hdma_usart2_tx.Init.Direction = DMA_MEMORY_TO_PERIPH;
 405              		.loc 1 206 0
 406 0078 1023     		movs	r3, #16
 407 007a 4360     		str	r3, [r0, #4]
 207:Src/stm32f1xx_hal_msp.c ****     hdma_usart2_tx.Init.PeriphInc = DMA_PINC_DISABLE;
 408              		.loc 1 207 0
 409 007c 0023     		movs	r3, #0
 410 007e 8360     		str	r3, [r0, #8]
 208:Src/stm32f1xx_hal_msp.c ****     hdma_usart2_tx.Init.MemInc = DMA_MINC_ENABLE;
 411              		.loc 1 208 0
 412 0080 8022     		movs	r2, #128
 413 0082 C260     		str	r2, [r0, #12]
 209:Src/stm32f1xx_hal_msp.c ****     hdma_usart2_tx.Init.PeriphDataAlignment = DMA_PDATAALIGN_BYTE;
 414              		.loc 1 209 0
 415 0084 0361     		str	r3, [r0, #16]
 210:Src/stm32f1xx_hal_msp.c ****     hdma_usart2_tx.Init.MemDataAlignment = DMA_MDATAALIGN_BYTE;
 416              		.loc 1 210 0
 417 0086 4361     		str	r3, [r0, #20]
 211:Src/stm32f1xx_hal_msp.c ****     hdma_usart2_tx.Init.Mode = DMA_NORMAL;
ARM GAS  /var/folders/h3/pp7r1jbx2y7b8rkpc8qh1xqw0000gn/T//cc3bhfvq.s 			page 12


 418              		.loc 1 211 0
 419 0088 8361     		str	r3, [r0, #24]
 212:Src/stm32f1xx_hal_msp.c ****     hdma_usart2_tx.Init.Priority = DMA_PRIORITY_LOW;
 420              		.loc 1 212 0
 421 008a C361     		str	r3, [r0, #28]
 213:Src/stm32f1xx_hal_msp.c ****     if (HAL_DMA_Init(&hdma_usart2_tx) != HAL_OK)
 422              		.loc 1 213 0
 423 008c FFF7FEFF 		bl	HAL_DMA_Init
 424              	.LVL27:
 425 0090 88B9     		cbnz	r0, .L28
 426              	.L21:
 214:Src/stm32f1xx_hal_msp.c ****     {
 215:Src/stm32f1xx_hal_msp.c ****       _Error_Handler(__FILE__, __LINE__);
 216:Src/stm32f1xx_hal_msp.c ****     }
 217:Src/stm32f1xx_hal_msp.c **** 
 218:Src/stm32f1xx_hal_msp.c ****     __HAL_LINKDMA(hsmartcard,hdmatx,hdma_usart2_tx);
 427              		.loc 1 218 0
 428 0092 0F4B     		ldr	r3, .L29+16
 429 0094 2364     		str	r3, [r4, #64]
 430 0096 5C62     		str	r4, [r3, #36]
 219:Src/stm32f1xx_hal_msp.c **** 
 220:Src/stm32f1xx_hal_msp.c ****     /* USART2 interrupt Init */
 221:Src/stm32f1xx_hal_msp.c ****     HAL_NVIC_SetPriority(USART2_IRQn, 0, 0);
 431              		.loc 1 221 0
 432 0098 0022     		movs	r2, #0
 433 009a 1146     		mov	r1, r2
 434 009c 2620     		movs	r0, #38
 435 009e FFF7FEFF 		bl	HAL_NVIC_SetPriority
 436              	.LVL28:
 222:Src/stm32f1xx_hal_msp.c ****     HAL_NVIC_EnableIRQ(USART2_IRQn);
 437              		.loc 1 222 0
 438 00a2 2620     		movs	r0, #38
 439 00a4 FFF7FEFF 		bl	HAL_NVIC_EnableIRQ
 440              	.LVL29:
 223:Src/stm32f1xx_hal_msp.c ****   /* USER CODE BEGIN USART2_MspInit 1 */
 224:Src/stm32f1xx_hal_msp.c **** 
 225:Src/stm32f1xx_hal_msp.c ****   /* USER CODE END USART2_MspInit 1 */
 226:Src/stm32f1xx_hal_msp.c ****   }
 227:Src/stm32f1xx_hal_msp.c **** 
 228:Src/stm32f1xx_hal_msp.c **** }
 441              		.loc 1 228 0
 442 00a8 06B0     		add	sp, sp, #24
 443              	.LCFI9:
 444              		.cfi_remember_state
 445              		.cfi_def_cfa_offset 16
 446              		@ sp needed
 447 00aa 70BD     		pop	{r4, r5, r6, pc}
 448              	.LVL30:
 449              	.L27:
 450              	.LCFI10:
 451              		.cfi_restore_state
 199:Src/stm32f1xx_hal_msp.c ****     }
 452              		.loc 1 199 0
 453 00ac C721     		movs	r1, #199
 454 00ae 0A48     		ldr	r0, .L29+24
 455 00b0 FFF7FEFF 		bl	_Error_Handler
 456              	.LVL31:
ARM GAS  /var/folders/h3/pp7r1jbx2y7b8rkpc8qh1xqw0000gn/T//cc3bhfvq.s 			page 13


 457 00b4 DAE7     		b	.L20
 458              	.L28:
 215:Src/stm32f1xx_hal_msp.c ****     }
 459              		.loc 1 215 0
 460 00b6 D721     		movs	r1, #215
 461 00b8 0748     		ldr	r0, .L29+24
 462 00ba FFF7FEFF 		bl	_Error_Handler
 463              	.LVL32:
 464 00be E8E7     		b	.L21
 465              	.L30:
 466              		.align	2
 467              	.L29:
 468 00c0 00440040 		.word	1073759232
 469 00c4 00080140 		.word	1073809408
 470 00c8 00000000 		.word	hdma_usart2_rx
 471 00cc 6C000240 		.word	1073873004
 472 00d0 00000000 		.word	hdma_usart2_tx
 473 00d4 80000240 		.word	1073873024
 474 00d8 00000000 		.word	.LC0
 475              		.cfi_endproc
 476              	.LFE68:
 478              		.section	.text.HAL_UART_MspDeInit,"ax",%progbits
 479              		.align	1
 480              		.global	HAL_UART_MspDeInit
 481              		.syntax unified
 482              		.thumb
 483              		.thumb_func
 484              		.fpu softvfp
 486              	HAL_UART_MspDeInit:
 487              	.LFB69:
 229:Src/stm32f1xx_hal_msp.c **** 
 230:Src/stm32f1xx_hal_msp.c **** void HAL_UART_MspDeInit(UART_HandleTypeDef* huart)
 231:Src/stm32f1xx_hal_msp.c **** {
 488              		.loc 1 231 0
 489              		.cfi_startproc
 490              		@ args = 0, pretend = 0, frame = 0
 491              		@ frame_needed = 0, uses_anonymous_args = 0
 492              	.LVL33:
 232:Src/stm32f1xx_hal_msp.c **** 
 233:Src/stm32f1xx_hal_msp.c ****   if(huart->Instance==USART1)
 493              		.loc 1 233 0
 494 0000 0268     		ldr	r2, [r0]
 495 0002 0D4B     		ldr	r3, .L38
 496 0004 9A42     		cmp	r2, r3
 497 0006 00D0     		beq	.L37
 498 0008 7047     		bx	lr
 499              	.L37:
 231:Src/stm32f1xx_hal_msp.c **** 
 500              		.loc 1 231 0
 501 000a 10B5     		push	{r4, lr}
 502              	.LCFI11:
 503              		.cfi_def_cfa_offset 8
 504              		.cfi_offset 4, -8
 505              		.cfi_offset 14, -4
 506 000c 0446     		mov	r4, r0
 234:Src/stm32f1xx_hal_msp.c ****   {
 235:Src/stm32f1xx_hal_msp.c ****   /* USER CODE BEGIN USART1_MspDeInit 0 */
ARM GAS  /var/folders/h3/pp7r1jbx2y7b8rkpc8qh1xqw0000gn/T//cc3bhfvq.s 			page 14


 236:Src/stm32f1xx_hal_msp.c **** 
 237:Src/stm32f1xx_hal_msp.c ****   /* USER CODE END USART1_MspDeInit 0 */
 238:Src/stm32f1xx_hal_msp.c ****     /* Peripheral clock disable */
 239:Src/stm32f1xx_hal_msp.c ****     __HAL_RCC_USART1_CLK_DISABLE();
 507              		.loc 1 239 0
 508 000e 0B4A     		ldr	r2, .L38+4
 509 0010 9369     		ldr	r3, [r2, #24]
 510 0012 23F48043 		bic	r3, r3, #16384
 511 0016 9361     		str	r3, [r2, #24]
 240:Src/stm32f1xx_hal_msp.c ****   
 241:Src/stm32f1xx_hal_msp.c ****     /**USART1 GPIO Configuration    
 242:Src/stm32f1xx_hal_msp.c ****     PA9     ------> USART1_TX
 243:Src/stm32f1xx_hal_msp.c ****     PA10     ------> USART1_RX 
 244:Src/stm32f1xx_hal_msp.c ****     */
 245:Src/stm32f1xx_hal_msp.c ****     HAL_GPIO_DeInit(GPIOA, GPIO_PIN_9|GPIO_PIN_10);
 512              		.loc 1 245 0
 513 0018 4FF4C061 		mov	r1, #1536
 514 001c 0848     		ldr	r0, .L38+8
 515              	.LVL34:
 516 001e FFF7FEFF 		bl	HAL_GPIO_DeInit
 517              	.LVL35:
 246:Src/stm32f1xx_hal_msp.c **** 
 247:Src/stm32f1xx_hal_msp.c ****     /* USART1 DMA DeInit */
 248:Src/stm32f1xx_hal_msp.c ****     HAL_DMA_DeInit(huart->hdmarx);
 518              		.loc 1 248 0
 519 0022 606B     		ldr	r0, [r4, #52]
 520 0024 FFF7FEFF 		bl	HAL_DMA_DeInit
 521              	.LVL36:
 249:Src/stm32f1xx_hal_msp.c ****     HAL_DMA_DeInit(huart->hdmatx);
 522              		.loc 1 249 0
 523 0028 206B     		ldr	r0, [r4, #48]
 524 002a FFF7FEFF 		bl	HAL_DMA_DeInit
 525              	.LVL37:
 250:Src/stm32f1xx_hal_msp.c **** 
 251:Src/stm32f1xx_hal_msp.c ****     /* USART1 interrupt DeInit */
 252:Src/stm32f1xx_hal_msp.c ****     HAL_NVIC_DisableIRQ(USART1_IRQn);
 526              		.loc 1 252 0
 527 002e 2520     		movs	r0, #37
 528 0030 FFF7FEFF 		bl	HAL_NVIC_DisableIRQ
 529              	.LVL38:
 253:Src/stm32f1xx_hal_msp.c ****   /* USER CODE BEGIN USART1_MspDeInit 1 */
 254:Src/stm32f1xx_hal_msp.c **** 
 255:Src/stm32f1xx_hal_msp.c ****   /* USER CODE END USART1_MspDeInit 1 */
 256:Src/stm32f1xx_hal_msp.c ****   }
 257:Src/stm32f1xx_hal_msp.c **** 
 258:Src/stm32f1xx_hal_msp.c **** }
 530              		.loc 1 258 0
 531 0034 10BD     		pop	{r4, pc}
 532              	.LVL39:
 533              	.L39:
 534 0036 00BF     		.align	2
 535              	.L38:
 536 0038 00380140 		.word	1073821696
 537 003c 00100240 		.word	1073876992
 538 0040 00080140 		.word	1073809408
 539              		.cfi_endproc
 540              	.LFE69:
ARM GAS  /var/folders/h3/pp7r1jbx2y7b8rkpc8qh1xqw0000gn/T//cc3bhfvq.s 			page 15


 542              		.section	.text.HAL_SMARTCARD_MspDeInit,"ax",%progbits
 543              		.align	1
 544              		.global	HAL_SMARTCARD_MspDeInit
 545              		.syntax unified
 546              		.thumb
 547              		.thumb_func
 548              		.fpu softvfp
 550              	HAL_SMARTCARD_MspDeInit:
 551              	.LFB70:
 259:Src/stm32f1xx_hal_msp.c **** 
 260:Src/stm32f1xx_hal_msp.c **** void HAL_SMARTCARD_MspDeInit(SMARTCARD_HandleTypeDef* hsmartcard)
 261:Src/stm32f1xx_hal_msp.c **** {
 552              		.loc 1 261 0
 553              		.cfi_startproc
 554              		@ args = 0, pretend = 0, frame = 0
 555              		@ frame_needed = 0, uses_anonymous_args = 0
 556              	.LVL40:
 262:Src/stm32f1xx_hal_msp.c **** 
 263:Src/stm32f1xx_hal_msp.c ****   if(hsmartcard->Instance==USART2)
 557              		.loc 1 263 0
 558 0000 0268     		ldr	r2, [r0]
 559 0002 0C4B     		ldr	r3, .L47
 560 0004 9A42     		cmp	r2, r3
 561 0006 00D0     		beq	.L46
 562 0008 7047     		bx	lr
 563              	.L46:
 261:Src/stm32f1xx_hal_msp.c **** 
 564              		.loc 1 261 0
 565 000a 10B5     		push	{r4, lr}
 566              	.LCFI12:
 567              		.cfi_def_cfa_offset 8
 568              		.cfi_offset 4, -8
 569              		.cfi_offset 14, -4
 570 000c 0446     		mov	r4, r0
 264:Src/stm32f1xx_hal_msp.c ****   {
 265:Src/stm32f1xx_hal_msp.c ****   /* USER CODE BEGIN USART2_MspDeInit 0 */
 266:Src/stm32f1xx_hal_msp.c **** 
 267:Src/stm32f1xx_hal_msp.c ****   /* USER CODE END USART2_MspDeInit 0 */
 268:Src/stm32f1xx_hal_msp.c ****     /* Peripheral clock disable */
 269:Src/stm32f1xx_hal_msp.c ****     __HAL_RCC_USART2_CLK_DISABLE();
 571              		.loc 1 269 0
 572 000e 0A4A     		ldr	r2, .L47+4
 573 0010 D369     		ldr	r3, [r2, #28]
 574 0012 23F40033 		bic	r3, r3, #131072
 575 0016 D361     		str	r3, [r2, #28]
 270:Src/stm32f1xx_hal_msp.c ****   
 271:Src/stm32f1xx_hal_msp.c ****     /**USART2 GPIO Configuration    
 272:Src/stm32f1xx_hal_msp.c ****     PA2     ------> USART2_TX
 273:Src/stm32f1xx_hal_msp.c ****     PA4     ------> USART2_CK 
 274:Src/stm32f1xx_hal_msp.c ****     */
 275:Src/stm32f1xx_hal_msp.c ****     HAL_GPIO_DeInit(GPIOA, GPIO_PIN_2|GPIO_PIN_4);
 576              		.loc 1 275 0
 577 0018 1421     		movs	r1, #20
 578 001a 0848     		ldr	r0, .L47+8
 579              	.LVL41:
 580 001c FFF7FEFF 		bl	HAL_GPIO_DeInit
 581              	.LVL42:
ARM GAS  /var/folders/h3/pp7r1jbx2y7b8rkpc8qh1xqw0000gn/T//cc3bhfvq.s 			page 16


 276:Src/stm32f1xx_hal_msp.c **** 
 277:Src/stm32f1xx_hal_msp.c ****     /* USART2 DMA DeInit */
 278:Src/stm32f1xx_hal_msp.c ****     HAL_DMA_DeInit(hsmartcard->hdmarx);
 582              		.loc 1 278 0
 583 0020 606C     		ldr	r0, [r4, #68]
 584 0022 FFF7FEFF 		bl	HAL_DMA_DeInit
 585              	.LVL43:
 279:Src/stm32f1xx_hal_msp.c ****     HAL_DMA_DeInit(hsmartcard->hdmatx);
 586              		.loc 1 279 0
 587 0026 206C     		ldr	r0, [r4, #64]
 588 0028 FFF7FEFF 		bl	HAL_DMA_DeInit
 589              	.LVL44:
 280:Src/stm32f1xx_hal_msp.c **** 
 281:Src/stm32f1xx_hal_msp.c ****     /* USART2 interrupt DeInit */
 282:Src/stm32f1xx_hal_msp.c ****     HAL_NVIC_DisableIRQ(USART2_IRQn);
 590              		.loc 1 282 0
 591 002c 2620     		movs	r0, #38
 592 002e FFF7FEFF 		bl	HAL_NVIC_DisableIRQ
 593              	.LVL45:
 283:Src/stm32f1xx_hal_msp.c ****   /* USER CODE BEGIN USART2_MspDeInit 1 */
 284:Src/stm32f1xx_hal_msp.c **** 
 285:Src/stm32f1xx_hal_msp.c ****   /* USER CODE END USART2_MspDeInit 1 */
 286:Src/stm32f1xx_hal_msp.c ****   }
 287:Src/stm32f1xx_hal_msp.c **** 
 288:Src/stm32f1xx_hal_msp.c **** }
 594              		.loc 1 288 0
 595 0032 10BD     		pop	{r4, pc}
 596              	.LVL46:
 597              	.L48:
 598              		.align	2
 599              	.L47:
 600 0034 00440040 		.word	1073759232
 601 0038 00100240 		.word	1073876992
 602 003c 00080140 		.word	1073809408
 603              		.cfi_endproc
 604              	.LFE70:
 606              		.section	.rodata.HAL_UART_MspInit.str1.4,"aMS",%progbits,1
 607              		.align	2
 608              	.LC0:
 609 0000 5372632F 		.ascii	"Src/stm32f1xx_hal_msp.c\000"
 609      73746D33 
 609      32663178 
 609      785F6861 
 609      6C5F6D73 
 610              		.text
 611              	.Letext0:
 612              		.file 2 "/usr/local/Caskroom/gcc-arm-embedded/7-2017-q4-major/gcc-arm-none-eabi-7-2017-q4-major/ar
 613              		.file 3 "/usr/local/Caskroom/gcc-arm-embedded/7-2017-q4-major/gcc-arm-none-eabi-7-2017-q4-major/ar
 614              		.file 4 "Drivers/CMSIS/Include/core_cm3.h"
 615              		.file 5 "Drivers/CMSIS/Device/ST/STM32F1xx/Include/system_stm32f1xx.h"
 616              		.file 6 "Drivers/CMSIS/Device/ST/STM32F1xx/Include/stm32f103xb.h"
 617              		.file 7 "/usr/local/Caskroom/gcc-arm-embedded/7-2017-q4-major/gcc-arm-none-eabi-7-2017-q4-major/ar
 618              		.file 8 "/usr/local/Caskroom/gcc-arm-embedded/7-2017-q4-major/gcc-arm-none-eabi-7-2017-q4-major/ar
 619              		.file 9 "/usr/local/Caskroom/gcc-arm-embedded/7-2017-q4-major/gcc-arm-none-eabi-7-2017-q4-major/li
 620              		.file 10 "/usr/local/Caskroom/gcc-arm-embedded/7-2017-q4-major/gcc-arm-none-eabi-7-2017-q4-major/a
 621              		.file 11 "Drivers/STM32F1xx_HAL_Driver/Inc/stm32f1xx_hal_def.h"
 622              		.file 12 "Drivers/STM32F1xx_HAL_Driver/Inc/stm32f1xx_hal_gpio.h"
ARM GAS  /var/folders/h3/pp7r1jbx2y7b8rkpc8qh1xqw0000gn/T//cc3bhfvq.s 			page 17


 623              		.file 13 "Drivers/STM32F1xx_HAL_Driver/Inc/stm32f1xx_hal_dma.h"
 624              		.file 14 "Drivers/STM32F1xx_HAL_Driver/Inc/stm32f1xx_hal_uart.h"
 625              		.file 15 "Drivers/STM32F1xx_HAL_Driver/Inc/stm32f1xx_hal_smartcard.h"
 626              		.file 16 "Drivers/STM32F1xx_HAL_Driver/Inc/stm32f1xx_hal_cortex.h"
ARM GAS  /var/folders/h3/pp7r1jbx2y7b8rkpc8qh1xqw0000gn/T//cc3bhfvq.s 			page 18


DEFINED SYMBOLS
                            *ABS*:0000000000000000 stm32f1xx_hal_msp.c
/var/folders/h3/pp7r1jbx2y7b8rkpc8qh1xqw0000gn/T//cc3bhfvq.s:16     .text.HAL_MspInit:0000000000000000 $t
/var/folders/h3/pp7r1jbx2y7b8rkpc8qh1xqw0000gn/T//cc3bhfvq.s:23     .text.HAL_MspInit:0000000000000000 HAL_MspInit
/var/folders/h3/pp7r1jbx2y7b8rkpc8qh1xqw0000gn/T//cc3bhfvq.s:114    .text.HAL_MspInit:0000000000000088 $d
/var/folders/h3/pp7r1jbx2y7b8rkpc8qh1xqw0000gn/T//cc3bhfvq.s:120    .text.HAL_UART_MspInit:0000000000000000 $t
/var/folders/h3/pp7r1jbx2y7b8rkpc8qh1xqw0000gn/T//cc3bhfvq.s:127    .text.HAL_UART_MspInit:0000000000000000 HAL_UART_MspInit
/var/folders/h3/pp7r1jbx2y7b8rkpc8qh1xqw0000gn/T//cc3bhfvq.s:288    .text.HAL_UART_MspInit:00000000000000c4 $d
/var/folders/h3/pp7r1jbx2y7b8rkpc8qh1xqw0000gn/T//cc3bhfvq.s:299    .text.HAL_SMARTCARD_MspInit:0000000000000000 $t
/var/folders/h3/pp7r1jbx2y7b8rkpc8qh1xqw0000gn/T//cc3bhfvq.s:306    .text.HAL_SMARTCARD_MspInit:0000000000000000 HAL_SMARTCARD_MspInit
/var/folders/h3/pp7r1jbx2y7b8rkpc8qh1xqw0000gn/T//cc3bhfvq.s:468    .text.HAL_SMARTCARD_MspInit:00000000000000c0 $d
/var/folders/h3/pp7r1jbx2y7b8rkpc8qh1xqw0000gn/T//cc3bhfvq.s:479    .text.HAL_UART_MspDeInit:0000000000000000 $t
/var/folders/h3/pp7r1jbx2y7b8rkpc8qh1xqw0000gn/T//cc3bhfvq.s:486    .text.HAL_UART_MspDeInit:0000000000000000 HAL_UART_MspDeInit
/var/folders/h3/pp7r1jbx2y7b8rkpc8qh1xqw0000gn/T//cc3bhfvq.s:536    .text.HAL_UART_MspDeInit:0000000000000038 $d
/var/folders/h3/pp7r1jbx2y7b8rkpc8qh1xqw0000gn/T//cc3bhfvq.s:543    .text.HAL_SMARTCARD_MspDeInit:0000000000000000 $t
/var/folders/h3/pp7r1jbx2y7b8rkpc8qh1xqw0000gn/T//cc3bhfvq.s:550    .text.HAL_SMARTCARD_MspDeInit:0000000000000000 HAL_SMARTCARD_MspDeInit
/var/folders/h3/pp7r1jbx2y7b8rkpc8qh1xqw0000gn/T//cc3bhfvq.s:600    .text.HAL_SMARTCARD_MspDeInit:0000000000000034 $d
/var/folders/h3/pp7r1jbx2y7b8rkpc8qh1xqw0000gn/T//cc3bhfvq.s:607    .rodata.HAL_UART_MspInit.str1.4:0000000000000000 $d

UNDEFINED SYMBOLS
HAL_NVIC_SetPriorityGrouping
HAL_NVIC_SetPriority
HAL_GPIO_Init
HAL_DMA_Init
HAL_NVIC_EnableIRQ
_Error_Handler
hdma_usart1_rx
hdma_usart1_tx
hdma_usart2_rx
hdma_usart2_tx
HAL_GPIO_DeInit
HAL_DMA_DeInit
HAL_NVIC_DisableIRQ
