ARM GAS  /var/folders/h3/pp7r1jbx2y7b8rkpc8qh1xqw0000gn/T//ccqUbg1I.s 			page 1


   1              		.cpu cortex-m3
   2              		.eabi_attribute 20, 1
   3              		.eabi_attribute 21, 1
   4              		.eabi_attribute 23, 3
   5              		.eabi_attribute 24, 1
   6              		.eabi_attribute 25, 1
   7              		.eabi_attribute 26, 1
   8              		.eabi_attribute 30, 1
   9              		.eabi_attribute 34, 1
  10              		.eabi_attribute 18, 4
  11              		.file	"stm32f1xx_it.c"
  12              		.text
  13              	.Ltext0:
  14              		.cfi_sections	.debug_frame
  15              		.section	.text.NMI_Handler,"ax",%progbits
  16              		.align	1
  17              		.global	NMI_Handler
  18              		.syntax unified
  19              		.thumb
  20              		.thumb_func
  21              		.fpu softvfp
  23              	NMI_Handler:
  24              	.LFB66:
  25              		.file 1 "Src/stm32f1xx_it.c"
   1:Src/stm32f1xx_it.c **** /**
   2:Src/stm32f1xx_it.c ****   ******************************************************************************
   3:Src/stm32f1xx_it.c ****   * @file    stm32f1xx_it.c
   4:Src/stm32f1xx_it.c ****   * @brief   Interrupt Service Routines.
   5:Src/stm32f1xx_it.c ****   ******************************************************************************
   6:Src/stm32f1xx_it.c ****   *
   7:Src/stm32f1xx_it.c ****   * COPYRIGHT(c) 2018 STMicroelectronics
   8:Src/stm32f1xx_it.c ****   *
   9:Src/stm32f1xx_it.c ****   * Redistribution and use in source and binary forms, with or without modification,
  10:Src/stm32f1xx_it.c ****   * are permitted provided that the following conditions are met:
  11:Src/stm32f1xx_it.c ****   *   1. Redistributions of source code must retain the above copyright notice,
  12:Src/stm32f1xx_it.c ****   *      this list of conditions and the following disclaimer.
  13:Src/stm32f1xx_it.c ****   *   2. Redistributions in binary form must reproduce the above copyright notice,
  14:Src/stm32f1xx_it.c ****   *      this list of conditions and the following disclaimer in the documentation
  15:Src/stm32f1xx_it.c ****   *      and/or other materials provided with the distribution.
  16:Src/stm32f1xx_it.c ****   *   3. Neither the name of STMicroelectronics nor the names of its contributors
  17:Src/stm32f1xx_it.c ****   *      may be used to endorse or promote products derived from this software
  18:Src/stm32f1xx_it.c ****   *      without specific prior written permission.
  19:Src/stm32f1xx_it.c ****   *
  20:Src/stm32f1xx_it.c ****   * THIS SOFTWARE IS PROVIDED BY THE COPYRIGHT HOLDERS AND CONTRIBUTORS "AS IS"
  21:Src/stm32f1xx_it.c ****   * AND ANY EXPRESS OR IMPLIED WARRANTIES, INCLUDING, BUT NOT LIMITED TO, THE
  22:Src/stm32f1xx_it.c ****   * IMPLIED WARRANTIES OF MERCHANTABILITY AND FITNESS FOR A PARTICULAR PURPOSE ARE
  23:Src/stm32f1xx_it.c ****   * DISCLAIMED. IN NO EVENT SHALL THE COPYRIGHT HOLDER OR CONTRIBUTORS BE LIABLE
  24:Src/stm32f1xx_it.c ****   * FOR ANY DIRECT, INDIRECT, INCIDENTAL, SPECIAL, EXEMPLARY, OR CONSEQUENTIAL
  25:Src/stm32f1xx_it.c ****   * DAMAGES (INCLUDING, BUT NOT LIMITED TO, PROCUREMENT OF SUBSTITUTE GOODS OR
  26:Src/stm32f1xx_it.c ****   * SERVICES; LOSS OF USE, DATA, OR PROFITS; OR BUSINESS INTERRUPTION) HOWEVER
  27:Src/stm32f1xx_it.c ****   * CAUSED AND ON ANY THEORY OF LIABILITY, WHETHER IN CONTRACT, STRICT LIABILITY,
  28:Src/stm32f1xx_it.c ****   * OR TORT (INCLUDING NEGLIGENCE OR OTHERWISE) ARISING IN ANY WAY OUT OF THE USE
  29:Src/stm32f1xx_it.c ****   * OF THIS SOFTWARE, EVEN IF ADVISED OF THE POSSIBILITY OF SUCH DAMAGE.
  30:Src/stm32f1xx_it.c ****   *
  31:Src/stm32f1xx_it.c ****   ******************************************************************************
  32:Src/stm32f1xx_it.c ****   */
  33:Src/stm32f1xx_it.c **** /* Includes ------------------------------------------------------------------*/
ARM GAS  /var/folders/h3/pp7r1jbx2y7b8rkpc8qh1xqw0000gn/T//ccqUbg1I.s 			page 2


  34:Src/stm32f1xx_it.c **** #include "stm32f1xx_hal.h"
  35:Src/stm32f1xx_it.c **** #include "stm32f1xx.h"
  36:Src/stm32f1xx_it.c **** #include "stm32f1xx_it.h"
  37:Src/stm32f1xx_it.c **** 
  38:Src/stm32f1xx_it.c **** /* USER CODE BEGIN 0 */
  39:Src/stm32f1xx_it.c **** 
  40:Src/stm32f1xx_it.c **** /* USER CODE END 0 */
  41:Src/stm32f1xx_it.c **** 
  42:Src/stm32f1xx_it.c **** /* External variables --------------------------------------------------------*/
  43:Src/stm32f1xx_it.c **** extern DMA_HandleTypeDef hdma_usart1_rx;
  44:Src/stm32f1xx_it.c **** extern DMA_HandleTypeDef hdma_usart1_tx;
  45:Src/stm32f1xx_it.c **** extern DMA_HandleTypeDef hdma_usart2_rx;
  46:Src/stm32f1xx_it.c **** extern DMA_HandleTypeDef hdma_usart2_tx;
  47:Src/stm32f1xx_it.c **** extern UART_HandleTypeDef huart1;
  48:Src/stm32f1xx_it.c **** extern SMARTCARD_HandleTypeDef hsc2;
  49:Src/stm32f1xx_it.c **** 
  50:Src/stm32f1xx_it.c **** /******************************************************************************/
  51:Src/stm32f1xx_it.c **** /*            Cortex-M3 Processor Interruption and Exception Handlers         */ 
  52:Src/stm32f1xx_it.c **** /******************************************************************************/
  53:Src/stm32f1xx_it.c **** 
  54:Src/stm32f1xx_it.c **** /**
  55:Src/stm32f1xx_it.c **** * @brief This function handles Non maskable interrupt.
  56:Src/stm32f1xx_it.c **** */
  57:Src/stm32f1xx_it.c **** void NMI_Handler(void)
  58:Src/stm32f1xx_it.c **** {
  26              		.loc 1 58 0
  27              		.cfi_startproc
  28              		@ args = 0, pretend = 0, frame = 0
  29              		@ frame_needed = 0, uses_anonymous_args = 0
  30              		@ link register save eliminated.
  59:Src/stm32f1xx_it.c ****   /* USER CODE BEGIN NonMaskableInt_IRQn 0 */
  60:Src/stm32f1xx_it.c **** 
  61:Src/stm32f1xx_it.c ****   /* USER CODE END NonMaskableInt_IRQn 0 */
  62:Src/stm32f1xx_it.c ****   /* USER CODE BEGIN NonMaskableInt_IRQn 1 */
  63:Src/stm32f1xx_it.c **** 
  64:Src/stm32f1xx_it.c ****   /* USER CODE END NonMaskableInt_IRQn 1 */
  65:Src/stm32f1xx_it.c **** }
  31              		.loc 1 65 0
  32 0000 7047     		bx	lr
  33              		.cfi_endproc
  34              	.LFE66:
  36              		.section	.text.HardFault_Handler,"ax",%progbits
  37              		.align	1
  38              		.global	HardFault_Handler
  39              		.syntax unified
  40              		.thumb
  41              		.thumb_func
  42              		.fpu softvfp
  44              	HardFault_Handler:
  45              	.LFB67:
  66:Src/stm32f1xx_it.c **** 
  67:Src/stm32f1xx_it.c **** /**
  68:Src/stm32f1xx_it.c **** * @brief This function handles Hard fault interrupt.
  69:Src/stm32f1xx_it.c **** */
  70:Src/stm32f1xx_it.c **** void HardFault_Handler(void)
  71:Src/stm32f1xx_it.c **** {
  46              		.loc 1 71 0
ARM GAS  /var/folders/h3/pp7r1jbx2y7b8rkpc8qh1xqw0000gn/T//ccqUbg1I.s 			page 3


  47              		.cfi_startproc
  48              		@ Volatile: function does not return.
  49              		@ args = 0, pretend = 0, frame = 0
  50              		@ frame_needed = 0, uses_anonymous_args = 0
  51              		@ link register save eliminated.
  52              	.L3:
  53 0000 FEE7     		b	.L3
  54              		.cfi_endproc
  55              	.LFE67:
  57              		.section	.text.MemManage_Handler,"ax",%progbits
  58              		.align	1
  59              		.global	MemManage_Handler
  60              		.syntax unified
  61              		.thumb
  62              		.thumb_func
  63              		.fpu softvfp
  65              	MemManage_Handler:
  66              	.LFB68:
  72:Src/stm32f1xx_it.c ****   /* USER CODE BEGIN HardFault_IRQn 0 */
  73:Src/stm32f1xx_it.c **** 
  74:Src/stm32f1xx_it.c ****   /* USER CODE END HardFault_IRQn 0 */
  75:Src/stm32f1xx_it.c ****   while (1)
  76:Src/stm32f1xx_it.c ****   {
  77:Src/stm32f1xx_it.c ****     /* USER CODE BEGIN W1_HardFault_IRQn 0 */
  78:Src/stm32f1xx_it.c ****     /* USER CODE END W1_HardFault_IRQn 0 */
  79:Src/stm32f1xx_it.c ****   }
  80:Src/stm32f1xx_it.c ****   /* USER CODE BEGIN HardFault_IRQn 1 */
  81:Src/stm32f1xx_it.c **** 
  82:Src/stm32f1xx_it.c ****   /* USER CODE END HardFault_IRQn 1 */
  83:Src/stm32f1xx_it.c **** }
  84:Src/stm32f1xx_it.c **** 
  85:Src/stm32f1xx_it.c **** /**
  86:Src/stm32f1xx_it.c **** * @brief This function handles Memory management fault.
  87:Src/stm32f1xx_it.c **** */
  88:Src/stm32f1xx_it.c **** void MemManage_Handler(void)
  89:Src/stm32f1xx_it.c **** {
  67              		.loc 1 89 0
  68              		.cfi_startproc
  69              		@ Volatile: function does not return.
  70              		@ args = 0, pretend = 0, frame = 0
  71              		@ frame_needed = 0, uses_anonymous_args = 0
  72              		@ link register save eliminated.
  73              	.L5:
  74 0000 FEE7     		b	.L5
  75              		.cfi_endproc
  76              	.LFE68:
  78              		.section	.text.BusFault_Handler,"ax",%progbits
  79              		.align	1
  80              		.global	BusFault_Handler
  81              		.syntax unified
  82              		.thumb
  83              		.thumb_func
  84              		.fpu softvfp
  86              	BusFault_Handler:
  87              	.LFB69:
  90:Src/stm32f1xx_it.c ****   /* USER CODE BEGIN MemoryManagement_IRQn 0 */
  91:Src/stm32f1xx_it.c **** 
ARM GAS  /var/folders/h3/pp7r1jbx2y7b8rkpc8qh1xqw0000gn/T//ccqUbg1I.s 			page 4


  92:Src/stm32f1xx_it.c ****   /* USER CODE END MemoryManagement_IRQn 0 */
  93:Src/stm32f1xx_it.c ****   while (1)
  94:Src/stm32f1xx_it.c ****   {
  95:Src/stm32f1xx_it.c ****     /* USER CODE BEGIN W1_MemoryManagement_IRQn 0 */
  96:Src/stm32f1xx_it.c ****     /* USER CODE END W1_MemoryManagement_IRQn 0 */
  97:Src/stm32f1xx_it.c ****   }
  98:Src/stm32f1xx_it.c ****   /* USER CODE BEGIN MemoryManagement_IRQn 1 */
  99:Src/stm32f1xx_it.c **** 
 100:Src/stm32f1xx_it.c ****   /* USER CODE END MemoryManagement_IRQn 1 */
 101:Src/stm32f1xx_it.c **** }
 102:Src/stm32f1xx_it.c **** 
 103:Src/stm32f1xx_it.c **** /**
 104:Src/stm32f1xx_it.c **** * @brief This function handles Prefetch fault, memory access fault.
 105:Src/stm32f1xx_it.c **** */
 106:Src/stm32f1xx_it.c **** void BusFault_Handler(void)
 107:Src/stm32f1xx_it.c **** {
  88              		.loc 1 107 0
  89              		.cfi_startproc
  90              		@ Volatile: function does not return.
  91              		@ args = 0, pretend = 0, frame = 0
  92              		@ frame_needed = 0, uses_anonymous_args = 0
  93              		@ link register save eliminated.
  94              	.L7:
  95 0000 FEE7     		b	.L7
  96              		.cfi_endproc
  97              	.LFE69:
  99              		.section	.text.UsageFault_Handler,"ax",%progbits
 100              		.align	1
 101              		.global	UsageFault_Handler
 102              		.syntax unified
 103              		.thumb
 104              		.thumb_func
 105              		.fpu softvfp
 107              	UsageFault_Handler:
 108              	.LFB70:
 108:Src/stm32f1xx_it.c ****   /* USER CODE BEGIN BusFault_IRQn 0 */
 109:Src/stm32f1xx_it.c **** 
 110:Src/stm32f1xx_it.c ****   /* USER CODE END BusFault_IRQn 0 */
 111:Src/stm32f1xx_it.c ****   while (1)
 112:Src/stm32f1xx_it.c ****   {
 113:Src/stm32f1xx_it.c ****     /* USER CODE BEGIN W1_BusFault_IRQn 0 */
 114:Src/stm32f1xx_it.c ****     /* USER CODE END W1_BusFault_IRQn 0 */
 115:Src/stm32f1xx_it.c ****   }
 116:Src/stm32f1xx_it.c ****   /* USER CODE BEGIN BusFault_IRQn 1 */
 117:Src/stm32f1xx_it.c **** 
 118:Src/stm32f1xx_it.c ****   /* USER CODE END BusFault_IRQn 1 */
 119:Src/stm32f1xx_it.c **** }
 120:Src/stm32f1xx_it.c **** 
 121:Src/stm32f1xx_it.c **** /**
 122:Src/stm32f1xx_it.c **** * @brief This function handles Undefined instruction or illegal state.
 123:Src/stm32f1xx_it.c **** */
 124:Src/stm32f1xx_it.c **** void UsageFault_Handler(void)
 125:Src/stm32f1xx_it.c **** {
 109              		.loc 1 125 0
 110              		.cfi_startproc
 111              		@ Volatile: function does not return.
 112              		@ args = 0, pretend = 0, frame = 0
ARM GAS  /var/folders/h3/pp7r1jbx2y7b8rkpc8qh1xqw0000gn/T//ccqUbg1I.s 			page 5


 113              		@ frame_needed = 0, uses_anonymous_args = 0
 114              		@ link register save eliminated.
 115              	.L9:
 116 0000 FEE7     		b	.L9
 117              		.cfi_endproc
 118              	.LFE70:
 120              		.section	.text.SVC_Handler,"ax",%progbits
 121              		.align	1
 122              		.global	SVC_Handler
 123              		.syntax unified
 124              		.thumb
 125              		.thumb_func
 126              		.fpu softvfp
 128              	SVC_Handler:
 129              	.LFB71:
 126:Src/stm32f1xx_it.c ****   /* USER CODE BEGIN UsageFault_IRQn 0 */
 127:Src/stm32f1xx_it.c **** 
 128:Src/stm32f1xx_it.c ****   /* USER CODE END UsageFault_IRQn 0 */
 129:Src/stm32f1xx_it.c ****   while (1)
 130:Src/stm32f1xx_it.c ****   {
 131:Src/stm32f1xx_it.c ****     /* USER CODE BEGIN W1_UsageFault_IRQn 0 */
 132:Src/stm32f1xx_it.c ****     /* USER CODE END W1_UsageFault_IRQn 0 */
 133:Src/stm32f1xx_it.c ****   }
 134:Src/stm32f1xx_it.c ****   /* USER CODE BEGIN UsageFault_IRQn 1 */
 135:Src/stm32f1xx_it.c **** 
 136:Src/stm32f1xx_it.c ****   /* USER CODE END UsageFault_IRQn 1 */
 137:Src/stm32f1xx_it.c **** }
 138:Src/stm32f1xx_it.c **** 
 139:Src/stm32f1xx_it.c **** /**
 140:Src/stm32f1xx_it.c **** * @brief This function handles System service call via SWI instruction.
 141:Src/stm32f1xx_it.c **** */
 142:Src/stm32f1xx_it.c **** void SVC_Handler(void)
 143:Src/stm32f1xx_it.c **** {
 130              		.loc 1 143 0
 131              		.cfi_startproc
 132              		@ args = 0, pretend = 0, frame = 0
 133              		@ frame_needed = 0, uses_anonymous_args = 0
 134              		@ link register save eliminated.
 144:Src/stm32f1xx_it.c ****   /* USER CODE BEGIN SVCall_IRQn 0 */
 145:Src/stm32f1xx_it.c **** 
 146:Src/stm32f1xx_it.c ****   /* USER CODE END SVCall_IRQn 0 */
 147:Src/stm32f1xx_it.c ****   /* USER CODE BEGIN SVCall_IRQn 1 */
 148:Src/stm32f1xx_it.c **** 
 149:Src/stm32f1xx_it.c ****   /* USER CODE END SVCall_IRQn 1 */
 150:Src/stm32f1xx_it.c **** }
 135              		.loc 1 150 0
 136 0000 7047     		bx	lr
 137              		.cfi_endproc
 138              	.LFE71:
 140              		.section	.text.DebugMon_Handler,"ax",%progbits
 141              		.align	1
 142              		.global	DebugMon_Handler
 143              		.syntax unified
 144              		.thumb
 145              		.thumb_func
 146              		.fpu softvfp
 148              	DebugMon_Handler:
ARM GAS  /var/folders/h3/pp7r1jbx2y7b8rkpc8qh1xqw0000gn/T//ccqUbg1I.s 			page 6


 149              	.LFB72:
 151:Src/stm32f1xx_it.c **** 
 152:Src/stm32f1xx_it.c **** /**
 153:Src/stm32f1xx_it.c **** * @brief This function handles Debug monitor.
 154:Src/stm32f1xx_it.c **** */
 155:Src/stm32f1xx_it.c **** void DebugMon_Handler(void)
 156:Src/stm32f1xx_it.c **** {
 150              		.loc 1 156 0
 151              		.cfi_startproc
 152              		@ args = 0, pretend = 0, frame = 0
 153              		@ frame_needed = 0, uses_anonymous_args = 0
 154              		@ link register save eliminated.
 157:Src/stm32f1xx_it.c ****   /* USER CODE BEGIN DebugMonitor_IRQn 0 */
 158:Src/stm32f1xx_it.c **** 
 159:Src/stm32f1xx_it.c ****   /* USER CODE END DebugMonitor_IRQn 0 */
 160:Src/stm32f1xx_it.c ****   /* USER CODE BEGIN DebugMonitor_IRQn 1 */
 161:Src/stm32f1xx_it.c **** 
 162:Src/stm32f1xx_it.c ****   /* USER CODE END DebugMonitor_IRQn 1 */
 163:Src/stm32f1xx_it.c **** }
 155              		.loc 1 163 0
 156 0000 7047     		bx	lr
 157              		.cfi_endproc
 158              	.LFE72:
 160              		.section	.text.PendSV_Handler,"ax",%progbits
 161              		.align	1
 162              		.global	PendSV_Handler
 163              		.syntax unified
 164              		.thumb
 165              		.thumb_func
 166              		.fpu softvfp
 168              	PendSV_Handler:
 169              	.LFB73:
 164:Src/stm32f1xx_it.c **** 
 165:Src/stm32f1xx_it.c **** /**
 166:Src/stm32f1xx_it.c **** * @brief This function handles Pendable request for system service.
 167:Src/stm32f1xx_it.c **** */
 168:Src/stm32f1xx_it.c **** void PendSV_Handler(void)
 169:Src/stm32f1xx_it.c **** {
 170              		.loc 1 169 0
 171              		.cfi_startproc
 172              		@ args = 0, pretend = 0, frame = 0
 173              		@ frame_needed = 0, uses_anonymous_args = 0
 174              		@ link register save eliminated.
 170:Src/stm32f1xx_it.c ****   /* USER CODE BEGIN PendSV_IRQn 0 */
 171:Src/stm32f1xx_it.c **** 
 172:Src/stm32f1xx_it.c ****   /* USER CODE END PendSV_IRQn 0 */
 173:Src/stm32f1xx_it.c ****   /* USER CODE BEGIN PendSV_IRQn 1 */
 174:Src/stm32f1xx_it.c **** 
 175:Src/stm32f1xx_it.c ****   /* USER CODE END PendSV_IRQn 1 */
 176:Src/stm32f1xx_it.c **** }
 175              		.loc 1 176 0
 176 0000 7047     		bx	lr
 177              		.cfi_endproc
 178              	.LFE73:
 180              		.section	.text.SysTick_Handler,"ax",%progbits
 181              		.align	1
 182              		.global	SysTick_Handler
ARM GAS  /var/folders/h3/pp7r1jbx2y7b8rkpc8qh1xqw0000gn/T//ccqUbg1I.s 			page 7


 183              		.syntax unified
 184              		.thumb
 185              		.thumb_func
 186              		.fpu softvfp
 188              	SysTick_Handler:
 189              	.LFB74:
 177:Src/stm32f1xx_it.c **** 
 178:Src/stm32f1xx_it.c **** /**
 179:Src/stm32f1xx_it.c **** * @brief This function handles System tick timer.
 180:Src/stm32f1xx_it.c **** */
 181:Src/stm32f1xx_it.c **** void SysTick_Handler(void)
 182:Src/stm32f1xx_it.c **** {
 190              		.loc 1 182 0
 191              		.cfi_startproc
 192              		@ args = 0, pretend = 0, frame = 0
 193              		@ frame_needed = 0, uses_anonymous_args = 0
 194 0000 08B5     		push	{r3, lr}
 195              	.LCFI0:
 196              		.cfi_def_cfa_offset 8
 197              		.cfi_offset 3, -8
 198              		.cfi_offset 14, -4
 183:Src/stm32f1xx_it.c ****   /* USER CODE BEGIN SysTick_IRQn 0 */
 184:Src/stm32f1xx_it.c **** 
 185:Src/stm32f1xx_it.c ****   /* USER CODE END SysTick_IRQn 0 */
 186:Src/stm32f1xx_it.c ****   HAL_IncTick();
 199              		.loc 1 186 0
 200 0002 FFF7FEFF 		bl	HAL_IncTick
 201              	.LVL0:
 187:Src/stm32f1xx_it.c ****   HAL_SYSTICK_IRQHandler();
 202              		.loc 1 187 0
 203 0006 FFF7FEFF 		bl	HAL_SYSTICK_IRQHandler
 204              	.LVL1:
 188:Src/stm32f1xx_it.c ****   /* USER CODE BEGIN SysTick_IRQn 1 */
 189:Src/stm32f1xx_it.c **** 
 190:Src/stm32f1xx_it.c ****   /* USER CODE END SysTick_IRQn 1 */
 191:Src/stm32f1xx_it.c **** }
 205              		.loc 1 191 0
 206 000a 08BD     		pop	{r3, pc}
 207              		.cfi_endproc
 208              	.LFE74:
 210              		.section	.text.DMA1_Channel4_IRQHandler,"ax",%progbits
 211              		.align	1
 212              		.global	DMA1_Channel4_IRQHandler
 213              		.syntax unified
 214              		.thumb
 215              		.thumb_func
 216              		.fpu softvfp
 218              	DMA1_Channel4_IRQHandler:
 219              	.LFB75:
 192:Src/stm32f1xx_it.c **** 
 193:Src/stm32f1xx_it.c **** /******************************************************************************/
 194:Src/stm32f1xx_it.c **** /* STM32F1xx Peripheral Interrupt Handlers                                    */
 195:Src/stm32f1xx_it.c **** /* Add here the Interrupt Handlers for the used peripherals.                  */
 196:Src/stm32f1xx_it.c **** /* For the available peripheral interrupt handler names,                      */
 197:Src/stm32f1xx_it.c **** /* please refer to the startup file (startup_stm32f1xx.s).                    */
 198:Src/stm32f1xx_it.c **** /******************************************************************************/
 199:Src/stm32f1xx_it.c **** 
ARM GAS  /var/folders/h3/pp7r1jbx2y7b8rkpc8qh1xqw0000gn/T//ccqUbg1I.s 			page 8


 200:Src/stm32f1xx_it.c **** /**
 201:Src/stm32f1xx_it.c **** * @brief This function handles DMA1 channel4 global interrupt.
 202:Src/stm32f1xx_it.c **** */
 203:Src/stm32f1xx_it.c **** void DMA1_Channel4_IRQHandler(void)
 204:Src/stm32f1xx_it.c **** {
 220              		.loc 1 204 0
 221              		.cfi_startproc
 222              		@ args = 0, pretend = 0, frame = 0
 223              		@ frame_needed = 0, uses_anonymous_args = 0
 224 0000 08B5     		push	{r3, lr}
 225              	.LCFI1:
 226              		.cfi_def_cfa_offset 8
 227              		.cfi_offset 3, -8
 228              		.cfi_offset 14, -4
 205:Src/stm32f1xx_it.c ****   /* USER CODE BEGIN DMA1_Channel4_IRQn 0 */
 206:Src/stm32f1xx_it.c **** 
 207:Src/stm32f1xx_it.c ****   /* USER CODE END DMA1_Channel4_IRQn 0 */
 208:Src/stm32f1xx_it.c ****   HAL_DMA_IRQHandler(&hdma_usart1_tx);
 229              		.loc 1 208 0
 230 0002 0248     		ldr	r0, .L17
 231 0004 FFF7FEFF 		bl	HAL_DMA_IRQHandler
 232              	.LVL2:
 209:Src/stm32f1xx_it.c ****   /* USER CODE BEGIN DMA1_Channel4_IRQn 1 */
 210:Src/stm32f1xx_it.c **** 
 211:Src/stm32f1xx_it.c ****   /* USER CODE END DMA1_Channel4_IRQn 1 */
 212:Src/stm32f1xx_it.c **** }
 233              		.loc 1 212 0
 234 0008 08BD     		pop	{r3, pc}
 235              	.L18:
 236 000a 00BF     		.align	2
 237              	.L17:
 238 000c 00000000 		.word	hdma_usart1_tx
 239              		.cfi_endproc
 240              	.LFE75:
 242              		.section	.text.DMA1_Channel5_IRQHandler,"ax",%progbits
 243              		.align	1
 244              		.global	DMA1_Channel5_IRQHandler
 245              		.syntax unified
 246              		.thumb
 247              		.thumb_func
 248              		.fpu softvfp
 250              	DMA1_Channel5_IRQHandler:
 251              	.LFB76:
 213:Src/stm32f1xx_it.c **** 
 214:Src/stm32f1xx_it.c **** /**
 215:Src/stm32f1xx_it.c **** * @brief This function handles DMA1 channel5 global interrupt.
 216:Src/stm32f1xx_it.c **** */
 217:Src/stm32f1xx_it.c **** void DMA1_Channel5_IRQHandler(void)
 218:Src/stm32f1xx_it.c **** {
 252              		.loc 1 218 0
 253              		.cfi_startproc
 254              		@ args = 0, pretend = 0, frame = 0
 255              		@ frame_needed = 0, uses_anonymous_args = 0
 256 0000 08B5     		push	{r3, lr}
 257              	.LCFI2:
 258              		.cfi_def_cfa_offset 8
 259              		.cfi_offset 3, -8
ARM GAS  /var/folders/h3/pp7r1jbx2y7b8rkpc8qh1xqw0000gn/T//ccqUbg1I.s 			page 9


 260              		.cfi_offset 14, -4
 219:Src/stm32f1xx_it.c ****   /* USER CODE BEGIN DMA1_Channel5_IRQn 0 */
 220:Src/stm32f1xx_it.c **** 
 221:Src/stm32f1xx_it.c ****   /* USER CODE END DMA1_Channel5_IRQn 0 */
 222:Src/stm32f1xx_it.c ****   HAL_DMA_IRQHandler(&hdma_usart1_rx);
 261              		.loc 1 222 0
 262 0002 0248     		ldr	r0, .L21
 263 0004 FFF7FEFF 		bl	HAL_DMA_IRQHandler
 264              	.LVL3:
 223:Src/stm32f1xx_it.c ****   /* USER CODE BEGIN DMA1_Channel5_IRQn 1 */
 224:Src/stm32f1xx_it.c **** 
 225:Src/stm32f1xx_it.c ****   /* USER CODE END DMA1_Channel5_IRQn 1 */
 226:Src/stm32f1xx_it.c **** }
 265              		.loc 1 226 0
 266 0008 08BD     		pop	{r3, pc}
 267              	.L22:
 268 000a 00BF     		.align	2
 269              	.L21:
 270 000c 00000000 		.word	hdma_usart1_rx
 271              		.cfi_endproc
 272              	.LFE76:
 274              		.section	.text.DMA1_Channel6_IRQHandler,"ax",%progbits
 275              		.align	1
 276              		.global	DMA1_Channel6_IRQHandler
 277              		.syntax unified
 278              		.thumb
 279              		.thumb_func
 280              		.fpu softvfp
 282              	DMA1_Channel6_IRQHandler:
 283              	.LFB77:
 227:Src/stm32f1xx_it.c **** 
 228:Src/stm32f1xx_it.c **** /**
 229:Src/stm32f1xx_it.c **** * @brief This function handles DMA1 channel6 global interrupt.
 230:Src/stm32f1xx_it.c **** */
 231:Src/stm32f1xx_it.c **** void DMA1_Channel6_IRQHandler(void)
 232:Src/stm32f1xx_it.c **** {
 284              		.loc 1 232 0
 285              		.cfi_startproc
 286              		@ args = 0, pretend = 0, frame = 0
 287              		@ frame_needed = 0, uses_anonymous_args = 0
 288 0000 08B5     		push	{r3, lr}
 289              	.LCFI3:
 290              		.cfi_def_cfa_offset 8
 291              		.cfi_offset 3, -8
 292              		.cfi_offset 14, -4
 233:Src/stm32f1xx_it.c ****   /* USER CODE BEGIN DMA1_Channel6_IRQn 0 */
 234:Src/stm32f1xx_it.c **** 
 235:Src/stm32f1xx_it.c ****   /* USER CODE END DMA1_Channel6_IRQn 0 */
 236:Src/stm32f1xx_it.c ****   HAL_DMA_IRQHandler(&hdma_usart2_rx);
 293              		.loc 1 236 0
 294 0002 0248     		ldr	r0, .L25
 295 0004 FFF7FEFF 		bl	HAL_DMA_IRQHandler
 296              	.LVL4:
 237:Src/stm32f1xx_it.c ****   /* USER CODE BEGIN DMA1_Channel6_IRQn 1 */
 238:Src/stm32f1xx_it.c **** 
 239:Src/stm32f1xx_it.c ****   /* USER CODE END DMA1_Channel6_IRQn 1 */
 240:Src/stm32f1xx_it.c **** }
ARM GAS  /var/folders/h3/pp7r1jbx2y7b8rkpc8qh1xqw0000gn/T//ccqUbg1I.s 			page 10


 297              		.loc 1 240 0
 298 0008 08BD     		pop	{r3, pc}
 299              	.L26:
 300 000a 00BF     		.align	2
 301              	.L25:
 302 000c 00000000 		.word	hdma_usart2_rx
 303              		.cfi_endproc
 304              	.LFE77:
 306              		.section	.text.DMA1_Channel7_IRQHandler,"ax",%progbits
 307              		.align	1
 308              		.global	DMA1_Channel7_IRQHandler
 309              		.syntax unified
 310              		.thumb
 311              		.thumb_func
 312              		.fpu softvfp
 314              	DMA1_Channel7_IRQHandler:
 315              	.LFB78:
 241:Src/stm32f1xx_it.c **** 
 242:Src/stm32f1xx_it.c **** /**
 243:Src/stm32f1xx_it.c **** * @brief This function handles DMA1 channel7 global interrupt.
 244:Src/stm32f1xx_it.c **** */
 245:Src/stm32f1xx_it.c **** void DMA1_Channel7_IRQHandler(void)
 246:Src/stm32f1xx_it.c **** {
 316              		.loc 1 246 0
 317              		.cfi_startproc
 318              		@ args = 0, pretend = 0, frame = 0
 319              		@ frame_needed = 0, uses_anonymous_args = 0
 320 0000 08B5     		push	{r3, lr}
 321              	.LCFI4:
 322              		.cfi_def_cfa_offset 8
 323              		.cfi_offset 3, -8
 324              		.cfi_offset 14, -4
 247:Src/stm32f1xx_it.c ****   /* USER CODE BEGIN DMA1_Channel7_IRQn 0 */
 248:Src/stm32f1xx_it.c **** 
 249:Src/stm32f1xx_it.c ****   /* USER CODE END DMA1_Channel7_IRQn 0 */
 250:Src/stm32f1xx_it.c ****   HAL_DMA_IRQHandler(&hdma_usart2_tx);
 325              		.loc 1 250 0
 326 0002 0248     		ldr	r0, .L29
 327 0004 FFF7FEFF 		bl	HAL_DMA_IRQHandler
 328              	.LVL5:
 251:Src/stm32f1xx_it.c ****   /* USER CODE BEGIN DMA1_Channel7_IRQn 1 */
 252:Src/stm32f1xx_it.c **** 
 253:Src/stm32f1xx_it.c ****   /* USER CODE END DMA1_Channel7_IRQn 1 */
 254:Src/stm32f1xx_it.c **** }
 329              		.loc 1 254 0
 330 0008 08BD     		pop	{r3, pc}
 331              	.L30:
 332 000a 00BF     		.align	2
 333              	.L29:
 334 000c 00000000 		.word	hdma_usart2_tx
 335              		.cfi_endproc
 336              	.LFE78:
 338              		.section	.text.USART1_IRQHandler,"ax",%progbits
 339              		.align	1
 340              		.global	USART1_IRQHandler
 341              		.syntax unified
 342              		.thumb
ARM GAS  /var/folders/h3/pp7r1jbx2y7b8rkpc8qh1xqw0000gn/T//ccqUbg1I.s 			page 11


 343              		.thumb_func
 344              		.fpu softvfp
 346              	USART1_IRQHandler:
 347              	.LFB79:
 255:Src/stm32f1xx_it.c **** 
 256:Src/stm32f1xx_it.c **** /**
 257:Src/stm32f1xx_it.c **** * @brief This function handles USART1 global interrupt.
 258:Src/stm32f1xx_it.c **** */
 259:Src/stm32f1xx_it.c **** void USART1_IRQHandler(void)
 260:Src/stm32f1xx_it.c **** {
 348              		.loc 1 260 0
 349              		.cfi_startproc
 350              		@ args = 0, pretend = 0, frame = 0
 351              		@ frame_needed = 0, uses_anonymous_args = 0
 352 0000 08B5     		push	{r3, lr}
 353              	.LCFI5:
 354              		.cfi_def_cfa_offset 8
 355              		.cfi_offset 3, -8
 356              		.cfi_offset 14, -4
 261:Src/stm32f1xx_it.c ****   /* USER CODE BEGIN USART1_IRQn 0 */
 262:Src/stm32f1xx_it.c **** 
 263:Src/stm32f1xx_it.c ****   /* USER CODE END USART1_IRQn 0 */
 264:Src/stm32f1xx_it.c ****   HAL_UART_IRQHandler(&huart1);
 357              		.loc 1 264 0
 358 0002 0248     		ldr	r0, .L33
 359 0004 FFF7FEFF 		bl	HAL_UART_IRQHandler
 360              	.LVL6:
 265:Src/stm32f1xx_it.c ****   /* USER CODE BEGIN USART1_IRQn 1 */
 266:Src/stm32f1xx_it.c **** 
 267:Src/stm32f1xx_it.c ****   /* USER CODE END USART1_IRQn 1 */
 268:Src/stm32f1xx_it.c **** }
 361              		.loc 1 268 0
 362 0008 08BD     		pop	{r3, pc}
 363              	.L34:
 364 000a 00BF     		.align	2
 365              	.L33:
 366 000c 00000000 		.word	huart1
 367              		.cfi_endproc
 368              	.LFE79:
 370              		.section	.text.USART2_IRQHandler,"ax",%progbits
 371              		.align	1
 372              		.global	USART2_IRQHandler
 373              		.syntax unified
 374              		.thumb
 375              		.thumb_func
 376              		.fpu softvfp
 378              	USART2_IRQHandler:
 379              	.LFB80:
 269:Src/stm32f1xx_it.c **** 
 270:Src/stm32f1xx_it.c **** /**
 271:Src/stm32f1xx_it.c **** * @brief This function handles USART2 global interrupt.
 272:Src/stm32f1xx_it.c **** */
 273:Src/stm32f1xx_it.c **** void USART2_IRQHandler(void)
 274:Src/stm32f1xx_it.c **** {
 380              		.loc 1 274 0
 381              		.cfi_startproc
 382              		@ args = 0, pretend = 0, frame = 0
ARM GAS  /var/folders/h3/pp7r1jbx2y7b8rkpc8qh1xqw0000gn/T//ccqUbg1I.s 			page 12


 383              		@ frame_needed = 0, uses_anonymous_args = 0
 384 0000 08B5     		push	{r3, lr}
 385              	.LCFI6:
 386              		.cfi_def_cfa_offset 8
 387              		.cfi_offset 3, -8
 388              		.cfi_offset 14, -4
 275:Src/stm32f1xx_it.c ****   /* USER CODE BEGIN USART2_IRQn 0 */
 276:Src/stm32f1xx_it.c **** 
 277:Src/stm32f1xx_it.c ****   /* USER CODE END USART2_IRQn 0 */
 278:Src/stm32f1xx_it.c ****   HAL_SMARTCARD_IRQHandler(&hsc2);
 389              		.loc 1 278 0
 390 0002 0248     		ldr	r0, .L37
 391 0004 FFF7FEFF 		bl	HAL_SMARTCARD_IRQHandler
 392              	.LVL7:
 279:Src/stm32f1xx_it.c ****   /* USER CODE BEGIN USART2_IRQn 1 */
 280:Src/stm32f1xx_it.c **** 
 281:Src/stm32f1xx_it.c ****   /* USER CODE END USART2_IRQn 1 */
 282:Src/stm32f1xx_it.c **** }
 393              		.loc 1 282 0
 394 0008 08BD     		pop	{r3, pc}
 395              	.L38:
 396 000a 00BF     		.align	2
 397              	.L37:
 398 000c 00000000 		.word	hsc2
 399              		.cfi_endproc
 400              	.LFE80:
 402              		.text
 403              	.Letext0:
 404              		.file 2 "/usr/local/Caskroom/gcc-arm-embedded/7-2017-q4-major/gcc-arm-none-eabi-7-2017-q4-major/ar
 405              		.file 3 "/usr/local/Caskroom/gcc-arm-embedded/7-2017-q4-major/gcc-arm-none-eabi-7-2017-q4-major/ar
 406              		.file 4 "Drivers/CMSIS/Include/core_cm3.h"
 407              		.file 5 "Drivers/CMSIS/Device/ST/STM32F1xx/Include/system_stm32f1xx.h"
 408              		.file 6 "Drivers/CMSIS/Device/ST/STM32F1xx/Include/stm32f103xb.h"
 409              		.file 7 "/usr/local/Caskroom/gcc-arm-embedded/7-2017-q4-major/gcc-arm-none-eabi-7-2017-q4-major/ar
 410              		.file 8 "/usr/local/Caskroom/gcc-arm-embedded/7-2017-q4-major/gcc-arm-none-eabi-7-2017-q4-major/ar
 411              		.file 9 "/usr/local/Caskroom/gcc-arm-embedded/7-2017-q4-major/gcc-arm-none-eabi-7-2017-q4-major/li
 412              		.file 10 "/usr/local/Caskroom/gcc-arm-embedded/7-2017-q4-major/gcc-arm-none-eabi-7-2017-q4-major/a
 413              		.file 11 "Drivers/STM32F1xx_HAL_Driver/Inc/stm32f1xx_hal_def.h"
 414              		.file 12 "Drivers/STM32F1xx_HAL_Driver/Inc/stm32f1xx_hal_dma.h"
 415              		.file 13 "Drivers/STM32F1xx_HAL_Driver/Inc/stm32f1xx_hal_uart.h"
 416              		.file 14 "Drivers/STM32F1xx_HAL_Driver/Inc/stm32f1xx_hal_smartcard.h"
 417              		.file 15 "Drivers/STM32F1xx_HAL_Driver/Inc/stm32f1xx_hal.h"
 418              		.file 16 "Drivers/STM32F1xx_HAL_Driver/Inc/stm32f1xx_hal_cortex.h"
ARM GAS  /var/folders/h3/pp7r1jbx2y7b8rkpc8qh1xqw0000gn/T//ccqUbg1I.s 			page 13


DEFINED SYMBOLS
                            *ABS*:0000000000000000 stm32f1xx_it.c
/var/folders/h3/pp7r1jbx2y7b8rkpc8qh1xqw0000gn/T//ccqUbg1I.s:16     .text.NMI_Handler:0000000000000000 $t
/var/folders/h3/pp7r1jbx2y7b8rkpc8qh1xqw0000gn/T//ccqUbg1I.s:23     .text.NMI_Handler:0000000000000000 NMI_Handler
/var/folders/h3/pp7r1jbx2y7b8rkpc8qh1xqw0000gn/T//ccqUbg1I.s:37     .text.HardFault_Handler:0000000000000000 $t
/var/folders/h3/pp7r1jbx2y7b8rkpc8qh1xqw0000gn/T//ccqUbg1I.s:44     .text.HardFault_Handler:0000000000000000 HardFault_Handler
/var/folders/h3/pp7r1jbx2y7b8rkpc8qh1xqw0000gn/T//ccqUbg1I.s:58     .text.MemManage_Handler:0000000000000000 $t
/var/folders/h3/pp7r1jbx2y7b8rkpc8qh1xqw0000gn/T//ccqUbg1I.s:65     .text.MemManage_Handler:0000000000000000 MemManage_Handler
/var/folders/h3/pp7r1jbx2y7b8rkpc8qh1xqw0000gn/T//ccqUbg1I.s:79     .text.BusFault_Handler:0000000000000000 $t
/var/folders/h3/pp7r1jbx2y7b8rkpc8qh1xqw0000gn/T//ccqUbg1I.s:86     .text.BusFault_Handler:0000000000000000 BusFault_Handler
/var/folders/h3/pp7r1jbx2y7b8rkpc8qh1xqw0000gn/T//ccqUbg1I.s:100    .text.UsageFault_Handler:0000000000000000 $t
/var/folders/h3/pp7r1jbx2y7b8rkpc8qh1xqw0000gn/T//ccqUbg1I.s:107    .text.UsageFault_Handler:0000000000000000 UsageFault_Handler
/var/folders/h3/pp7r1jbx2y7b8rkpc8qh1xqw0000gn/T//ccqUbg1I.s:121    .text.SVC_Handler:0000000000000000 $t
/var/folders/h3/pp7r1jbx2y7b8rkpc8qh1xqw0000gn/T//ccqUbg1I.s:128    .text.SVC_Handler:0000000000000000 SVC_Handler
/var/folders/h3/pp7r1jbx2y7b8rkpc8qh1xqw0000gn/T//ccqUbg1I.s:141    .text.DebugMon_Handler:0000000000000000 $t
/var/folders/h3/pp7r1jbx2y7b8rkpc8qh1xqw0000gn/T//ccqUbg1I.s:148    .text.DebugMon_Handler:0000000000000000 DebugMon_Handler
/var/folders/h3/pp7r1jbx2y7b8rkpc8qh1xqw0000gn/T//ccqUbg1I.s:161    .text.PendSV_Handler:0000000000000000 $t
/var/folders/h3/pp7r1jbx2y7b8rkpc8qh1xqw0000gn/T//ccqUbg1I.s:168    .text.PendSV_Handler:0000000000000000 PendSV_Handler
/var/folders/h3/pp7r1jbx2y7b8rkpc8qh1xqw0000gn/T//ccqUbg1I.s:181    .text.SysTick_Handler:0000000000000000 $t
/var/folders/h3/pp7r1jbx2y7b8rkpc8qh1xqw0000gn/T//ccqUbg1I.s:188    .text.SysTick_Handler:0000000000000000 SysTick_Handler
/var/folders/h3/pp7r1jbx2y7b8rkpc8qh1xqw0000gn/T//ccqUbg1I.s:211    .text.DMA1_Channel4_IRQHandler:0000000000000000 $t
/var/folders/h3/pp7r1jbx2y7b8rkpc8qh1xqw0000gn/T//ccqUbg1I.s:218    .text.DMA1_Channel4_IRQHandler:0000000000000000 DMA1_Channel4_IRQHandler
/var/folders/h3/pp7r1jbx2y7b8rkpc8qh1xqw0000gn/T//ccqUbg1I.s:238    .text.DMA1_Channel4_IRQHandler:000000000000000c $d
/var/folders/h3/pp7r1jbx2y7b8rkpc8qh1xqw0000gn/T//ccqUbg1I.s:243    .text.DMA1_Channel5_IRQHandler:0000000000000000 $t
/var/folders/h3/pp7r1jbx2y7b8rkpc8qh1xqw0000gn/T//ccqUbg1I.s:250    .text.DMA1_Channel5_IRQHandler:0000000000000000 DMA1_Channel5_IRQHandler
/var/folders/h3/pp7r1jbx2y7b8rkpc8qh1xqw0000gn/T//ccqUbg1I.s:270    .text.DMA1_Channel5_IRQHandler:000000000000000c $d
/var/folders/h3/pp7r1jbx2y7b8rkpc8qh1xqw0000gn/T//ccqUbg1I.s:275    .text.DMA1_Channel6_IRQHandler:0000000000000000 $t
/var/folders/h3/pp7r1jbx2y7b8rkpc8qh1xqw0000gn/T//ccqUbg1I.s:282    .text.DMA1_Channel6_IRQHandler:0000000000000000 DMA1_Channel6_IRQHandler
/var/folders/h3/pp7r1jbx2y7b8rkpc8qh1xqw0000gn/T//ccqUbg1I.s:302    .text.DMA1_Channel6_IRQHandler:000000000000000c $d
/var/folders/h3/pp7r1jbx2y7b8rkpc8qh1xqw0000gn/T//ccqUbg1I.s:307    .text.DMA1_Channel7_IRQHandler:0000000000000000 $t
/var/folders/h3/pp7r1jbx2y7b8rkpc8qh1xqw0000gn/T//ccqUbg1I.s:314    .text.DMA1_Channel7_IRQHandler:0000000000000000 DMA1_Channel7_IRQHandler
/var/folders/h3/pp7r1jbx2y7b8rkpc8qh1xqw0000gn/T//ccqUbg1I.s:334    .text.DMA1_Channel7_IRQHandler:000000000000000c $d
/var/folders/h3/pp7r1jbx2y7b8rkpc8qh1xqw0000gn/T//ccqUbg1I.s:339    .text.USART1_IRQHandler:0000000000000000 $t
/var/folders/h3/pp7r1jbx2y7b8rkpc8qh1xqw0000gn/T//ccqUbg1I.s:346    .text.USART1_IRQHandler:0000000000000000 USART1_IRQHandler
/var/folders/h3/pp7r1jbx2y7b8rkpc8qh1xqw0000gn/T//ccqUbg1I.s:366    .text.USART1_IRQHandler:000000000000000c $d
/var/folders/h3/pp7r1jbx2y7b8rkpc8qh1xqw0000gn/T//ccqUbg1I.s:371    .text.USART2_IRQHandler:0000000000000000 $t
/var/folders/h3/pp7r1jbx2y7b8rkpc8qh1xqw0000gn/T//ccqUbg1I.s:378    .text.USART2_IRQHandler:0000000000000000 USART2_IRQHandler
/var/folders/h3/pp7r1jbx2y7b8rkpc8qh1xqw0000gn/T//ccqUbg1I.s:398    .text.USART2_IRQHandler:000000000000000c $d

UNDEFINED SYMBOLS
HAL_IncTick
HAL_SYSTICK_IRQHandler
HAL_DMA_IRQHandler
hdma_usart1_tx
hdma_usart1_rx
hdma_usart2_rx
hdma_usart2_tx
HAL_UART_IRQHandler
huart1
HAL_SMARTCARD_IRQHandler
hsc2
